# JRE version: OpenJDK Runtime Environment Temurin-21.0.10+7 (21.0.10+7) (build 21.0.10+7-LTS)
# Java VM: OpenJDK 64-Bit Server VM Temurin-21.0.10+7 (21.0.10+7-LTS, mixed mode, sharing, tiered, compressed oops, compressed class ptrs, parallel gc, bsd-amd64)
Heap:
 PSYoungGen      total 26112K, used 25663K [0x00000007d5580000, 0x00000007d7500000, 0x0000000800000000)
  eden space 24064K, 100% used [0x00000007d5580000,0x00000007d6d00000,0x00000007d6d00000)
  from space 2048K, 78% used [0x00000007d7300000,0x00000007d748fdd0,0x00000007d7500000)
  to   space 3072K, 0% used [0x00000007d6f00000,0x00000007d6f00000,0x00000007d7200000)
 ParOldGen       total 68608K, used 14448K [0x0000000780000000, 0x0000000784300000, 0x00000007d5580000)
  object space 68608K, 21% used [0x0000000780000000,0x0000000780e1c238,0x0000000784300000)
 Metaspace       used 26292K, committed 27264K, reserved 1114112K
  class space    used 2765K, committed 3200K, reserved 1048576K
GC Heap History (18 events):
Event: 24.888 GC heap before
{Heap before GC invocations=1 (full 0):
 PSYoungGen      total 29696K, used 25600K [0x00000007d5580000, 0x00000007d7680000, 0x0000000800000000)
  eden space 25600K, 100% used [0x00000007d5580000,0x00000007d6e80000,0x00000007d6e80000)
  from space 4096K, 0% used [0x00000007d7280000,0x00000007d7280000,0x00000007d7680000)
  to   space 4096K, 0% used [0x00000007d6e80000,0x00000007d6e80000,0x00000007d7280000)
 ParOldGen       total 68608K, used 1047K [0x0000000780000000, 0x0000000784300000, 0x00000007d5580000)
  object space 68608K, 1% used [0x0000000780000000,0x0000000780105e60,0x0000000784300000)
 Metaspace       used 4400K, committed 4608K, reserved 1114112K
  class space    used 479K, committed 576K, reserved 1048576K
}
Event: 24.917 GC heap after
{Heap after GC invocations=1 (full 0):
 PSYoungGen      total 29696K, used 2919K [0x00000007d5580000, 0x00000007d7680000, 0x0000000800000000)
  eden space 25600K, 0% used [0x00000007d5580000,0x00000007d5580000,0x00000007d6e80000)
  from space 4096K, 71% used [0x00000007d6e80000,0x00000007d7159e98,0x00000007d7280000)
  to   space 4096K, 0% used [0x00000007d7280000,0x00000007d7280000,0x00000007d7680000)
 ParOldGen       total 68608K, used 1055K [0x0000000780000000, 0x0000000784300000, 0x00000007d5580000)
  object space 68608K, 1% used [0x0000000780000000,0x0000000780107e60,0x0000000784300000)
 Metaspace       used 4400K, committed 4608K, reserved 1114112K
  class space    used 479K, committed 576K, reserved 1048576K
}
Event: 44.740 GC heap before
{Heap before GC invocations=2 (full 0):
 PSYoungGen      total 29696K, used 28519K [0x00000007d5580000, 0x00000007d7680000, 0x0000000800000000)
  eden space 25600K, 100% used [0x00000007d5580000,0x00000007d6e80000,0x00000007d6e80000)
  from space 4096K, 71% used [0x00000007d6e80000,0x00000007d7159e98,0x00000007d7280000)
  to   space 4096K, 0% used [0x00000007d7280000,0x00000007d7280000,0x00000007d7680000)
 ParOldGen       total 68608K, used 1055K [0x0000000780000000, 0x0000000784300000, 0x00000007d5580000)
  object space 68608K, 1% used [0x0000000780000000,0x0000000780107e60,0x0000000784300000)
 Metaspace       used 7914K, committed 8192K, reserved 1114112K
  class space    used 839K, committed 960K, reserved 1048576K
}
Event: 44.765 GC heap after
{Heap after GC invocations=2 (full 0):
 PSYoungGen      total 29696K, used 4071K [0x00000007d5580000, 0x00000007d7680000, 0x0000000800000000)
  eden space 25600K, 0% used [0x00000007d5580000,0x00000007d5580000,0x00000007d6e80000)
  from space 4096K, 99% used [0x00000007d7280000,0x00000007d7679e98,0x00000007d7680000)
  to   space 4096K, 0% used [0x00000007d6e80000,0x00000007d6e80000,0x00000007d7280000)
 ParOldGen       total 68608K, used 2759K [0x0000000780000000, 0x0000000784300000, 0x00000007d5580000)
  object space 68608K, 4% used [0x0000000780000000,0x00000007802b1e78,0x0000000784300000)
 Metaspace       used 7914K, committed 8192K, reserved 1114112K
  class space    used 839K, committed 960K, reserved 1048576K
}
Event: 51.118 GC heap before
{Heap before GC invocations=3 (full 0):
 PSYoungGen      total 29696K, used 29496K [0x00000007d5580000, 0x00000007d7680000, 0x0000000800000000)
  eden space 25600K, 99% used [0x00000007d5580000,0x00000007d6e543c0,0x00000007d6e80000)
  from space 4096K, 99% used [0x00000007d7280000,0x00000007d7679e98,0x00000007d7680000)
  to   space 4096K, 0% used [0x00000007d6e80000,0x00000007d6e80000,0x00000007d7280000)
 ParOldGen       total 68608K, used 2759K [0x0000000780000000, 0x0000000784300000, 0x00000007d5580000)
  object space 68608K, 4% used [0x0000000780000000,0x00000007802b1e78,0x0000000784300000)
 Metaspace       used 9331K, committed 9664K, reserved 1114112K
  class space    used 1009K, committed 1152K, reserved 1048576K
}
Event: 51.148 GC heap after
{Heap after GC invocations=3 (full 0):
 PSYoungGen      total 29696K, used 4089K [0x00000007d5580000, 0x00000007d7680000, 0x0000000800000000)
  eden space 25600K, 0% used [0x00000007d5580000,0x00000007d5580000,0x00000007d6e80000)
  from space 4096K, 99% used [0x00000007d6e80000,0x00000007d727e5b0,0x00000007d7280000)
  to   space 4096K, 0% used [0x00000007d7280000,0x00000007d7280000,0x00000007d7680000)
 ParOldGen       total 68608K, used 5695K [0x0000000780000000, 0x0000000784300000, 0x00000007d5580000)
  object space 68608K, 8% used [0x0000000780000000,0x000000078058ffd0,0x0000000784300000)
 Metaspace       used 9331K, committed 9664K, reserved 1114112K
  class space    used 1009K, committed 1152K, reserved 1048576K
}
Event: 59.096 GC heap before
{Heap before GC invocations=4 (full 0):
 PSYoungGen      total 29696K, used 29689K [0x00000007d5580000, 0x00000007d7680000, 0x0000000800000000)
  eden space 25600K, 100% used [0x00000007d5580000,0x00000007d6e80000,0x00000007d6e80000)
  from space 4096K, 99% used [0x00000007d6e80000,0x00000007d727e5b0,0x00000007d7280000)
  to   space 4096K, 0% used [0x00000007d7280000,0x00000007d7280000,0x00000007d7680000)
 ParOldGen       total 68608K, used 5695K [0x0000000780000000, 0x0000000784300000, 0x00000007d5580000)
  object space 68608K, 8% used [0x0000000780000000,0x000000078058ffd0,0x0000000784300000)
 Metaspace       used 11565K, committed 11968K, reserved 1114112K
  class space    used 1242K, committed 1408K, reserved 1048576K
}
Event: 59.119 GC heap after
{Heap after GC invocations=4 (full 0):
 PSYoungGen      total 29696K, used 4085K [0x00000007d5580000, 0x00000007d7680000, 0x0000000800000000)
  eden space 25600K, 0% used [0x00000007d5580000,0x00000007d5580000,0x00000007d6e80000)
  from space 4096K, 99% used [0x00000007d7280000,0x00000007d767d6b8,0x00000007d7680000)
  to   space 4096K, 0% used [0x00000007d6e80000,0x00000007d6e80000,0x00000007d7280000)
 ParOldGen       total 68608K, used 6988K [0x0000000780000000, 0x0000000784300000, 0x00000007d5580000)
  object space 68608K, 10% used [0x0000000780000000,0x00000007806d3238,0x0000000784300000)
 Metaspace       used 11565K, committed 11968K, reserved 1114112K
  class space    used 1242K, committed 1408K, reserved 1048576K
}
Event: 68.849 GC heap before
{Heap before GC invocations=5 (full 0):
 PSYoungGen      total 29696K, used 29685K [0x00000007d5580000, 0x00000007d7680000, 0x0000000800000000)
  eden space 25600K, 100% used [0x00000007d5580000,0x00000007d6e80000,0x00000007d6e80000)
  from space 4096K, 99% used [0x00000007d7280000,0x00000007d767d6b8,0x00000007d7680000)
  to   space 4096K, 0% used [0x00000007d6e80000,0x00000007d6e80000,0x00000007d7280000)
 ParOldGen       total 68608K, used 6988K [0x0000000780000000, 0x0000000784300000, 0x00000007d5580000)
  object space 68608K, 10% used [0x0000000780000000,0x00000007806d3238,0x0000000784300000)
 Metaspace       used 15490K, committed 16064K, reserved 1114112K
  class space    used 1629K, committed 1920K, reserved 1048576K
}
Event: 68.874 GC heap after
{Heap after GC invocations=5 (full 0):
 PSYoungGen      total 29184K, used 4093K [0x00000007d5580000, 0x00000007d7900000, 0x0000000800000000)
  eden space 25088K, 0% used [0x00000007d5580000,0x00000007d5580000,0x00000007d6e00000)
  from space 4096K, 99% used [0x00000007d6e80000,0x00000007d727f668,0x00000007d7280000)
  to   space 5632K, 0% used [0x00000007d7380000,0x00000007d7380000,0x00000007d7900000)
 ParOldGen       total 68608K, used 8463K [0x0000000780000000, 0x0000000784300000, 0x00000007d5580000)
  object space 68608K, 12% used [0x0000000780000000,0x0000000780843e38,0x0000000784300000)
 Metaspace       used 15490K, committed 16064K, reserved 1114112K
  class space    used 1629K, committed 1920K, reserved 1048576K
}
Event: 77.597 GC heap before
{Heap before GC invocations=6 (full 0):
 PSYoungGen      total 29184K, used 29181K [0x00000007d5580000, 0x00000007d7900000, 0x0000000800000000)
  eden space 25088K, 100% used [0x00000007d5580000,0x00000007d6e00000,0x00000007d6e00000)
  from space 4096K, 99% used [0x00000007d6e80000,0x00000007d727f668,0x00000007d7280000)
  to   space 5632K, 0% used [0x00000007d7380000,0x00000007d7380000,0x00000007d7900000)
 ParOldGen       total 68608K, used 8463K [0x0000000780000000, 0x0000000784300000, 0x00000007d5580000)
  object space 68608K, 12% used [0x0000000780000000,0x0000000780843e38,0x0000000784300000)
 Metaspace       used 18055K, committed 18816K, reserved 1114112K
  class space    used 1900K, committed 2240K, reserved 1048576K
}
Event: 77.626 GC heap after
{Heap after GC invocations=6 (full 0):
 PSYoungGen      total 29696K, used 4995K [0x00000007d5580000, 0x00000007d7880000, 0x0000000800000000)
  eden space 24576K, 0% used [0x00000007d5580000,0x00000007d5580000,0x00000007d6d80000)
  from space 5120K, 97% used [0x00000007d7380000,0x00000007d7860db0,0x00000007d7880000)
  to   space 5632K, 0% used [0x00000007d6d80000,0x00000007d6d80000,0x00000007d7300000)
 ParOldGen       total 68608K, used 8471K [0x0000000780000000, 0x0000000784300000, 0x00000007d5580000)
  object space 68608K, 12% used [0x0000000780000000,0x0000000780845e38,0x0000000784300000)
 Metaspace       used 18055K, committed 18816K, reserved 1114112K
  class space    used 1900K, committed 2240K, reserved 1048576K
}
Event: 86.227 GC heap before
{Heap before GC invocations=7 (full 0):
 PSYoungGen      total 29696K, used 29279K [0x00000007d5580000, 0x00000007d7880000, 0x0000000800000000)
  eden space 24576K, 98% used [0x00000007d5580000,0x00000007d6d370b8,0x00000007d6d80000)
  from space 5120K, 97% used [0x00000007d7380000,0x00000007d7860db0,0x00000007d7880000)
  to   space 5632K, 0% used [0x00000007d6d80000,0x00000007d6d80000,0x00000007d7300000)
 ParOldGen       total 68608K, used 8471K [0x0000000780000000, 0x0000000784300000, 0x00000007d5580000)
  object space 68608K, 12% used [0x0000000780000000,0x0000000780845e38,0x0000000784300000)
 Metaspace       used 20608K, committed 21504K, reserved 1114112K
  class space    used 2203K, committed 2624K, reserved 1048576K
}
Event: 86.264 GC heap after
{Heap after GC invocations=7 (full 0):
 PSYoungGen      total 30208K, used 5112K [0x00000007d5580000, 0x00000007d7880000, 0x0000000800000000)
  eden space 24576K, 0% used [0x00000007d5580000,0x00000007d5580000,0x00000007d6d80000)
  from space 5632K, 90% used [0x00000007d6d80000,0x00000007d727e1e0,0x00000007d7300000)
  to   space 5632K, 0% used [0x00000007d7300000,0x00000007d7300000,0x00000007d7880000)
 ParOldGen       total 68608K, used 9961K [0x0000000780000000, 0x0000000784300000, 0x00000007d5580000)
  object space 68608K, 14% used [0x0000000780000000,0x00000007809ba7b0,0x0000000784300000)
 Metaspace       used 20608K, committed 21504K, reserved 1114112K
  class space    used 2203K, committed 2624K, reserved 1048576K
}
Event: 86.264 GC heap before
{Heap before GC invocations=8 (full 1):
 PSYoungGen      total 30208K, used 5112K [0x00000007d5580000, 0x00000007d7880000, 0x0000000800000000)
  eden space 24576K, 0% used [0x00000007d5580000,0x00000007d5580000,0x00000007d6d80000)
  from space 5632K, 90% used [0x00000007d6d80000,0x00000007d727e1e0,0x00000007d7300000)
  to   space 5632K, 0% used [0x00000007d7300000,0x00000007d7300000,0x00000007d7880000)
 ParOldGen       total 68608K, used 9961K [0x0000000780000000, 0x0000000784300000, 0x00000007d5580000)
  object space 68608K, 14% used [0x0000000780000000,0x00000007809ba7b0,0x0000000784300000)
 Metaspace       used 20608K, committed 21504K, reserved 1114112K
  class space    used 2203K, committed 2624K, reserved 1048576K
}
Event: 87.238 GC heap after
{Heap after GC invocations=8 (full 1):
 PSYoungGen      total 30208K, used 0K [0x00000007d5580000, 0x00000007d7880000, 0x0000000800000000)
  eden space 24576K, 0% used [0x00000007d5580000,0x00000007d5580000,0x00000007d6d80000)
  from space 5632K, 0% used [0x00000007d6d80000,0x00000007d6d80000,0x00000007d7300000)
  to   space 5632K, 0% used [0x00000007d7300000,0x00000007d7300000,0x00000007d7880000)
 ParOldGen       total 68608K, used 14448K [0x0000000780000000, 0x0000000784300000, 0x00000007d5580000)
  object space 68608K, 21% used [0x0000000780000000,0x0000000780e1c238,0x0000000784300000)
 Metaspace       used 20595K, committed 21504K, reserved 1114112K
  class space    used 2200K, committed 2624K, reserved 1048576K
}
Event: 89.779 GC heap before
{Heap before GC invocations=9 (full 1):
 PSYoungGen      total 30208K, used 24576K [0x00000007d5580000, 0x00000007d7880000, 0x0000000800000000)
  eden space 24576K, 100% used [0x00000007d5580000,0x00000007d6d80000,0x00000007d6d80000)
  from space 5632K, 0% used [0x00000007d6d80000,0x00000007d6d80000,0x00000007d7300000)
  to   space 5632K, 0% used [0x00000007d7300000,0x00000007d7300000,0x00000007d7880000)
 ParOldGen       total 68608K, used 14448K [0x0000000780000000, 0x0000000784300000, 0x00000007d5580000)
  object space 68608K, 21% used [0x0000000780000000,0x0000000780e1c238,0x0000000784300000)
 Metaspace       used 23062K, committed 23936K, reserved 1114112K
  class space    used 2459K, committed 2816K, reserved 1048576K
}
Event: 89.794 GC heap after
{Heap after GC invocations=9 (full 1):
 PSYoungGen      total 26112K, used 1599K [0x00000007d5580000, 0x00000007d7500000, 0x0000000800000000)
  eden space 24064K, 0% used [0x00000007d5580000,0x00000007d5580000,0x00000007d6d00000)
  from space 2048K, 78% used [0x00000007d7300000,0x00000007d748fdd0,0x00000007d7500000)
  to   space 3072K, 0% used [0x00000007d6f00000,0x00000007d6f00000,0x00000007d7200000)
 ParOldGen       total 68608K, used 14448K [0x0000000780000000, 0x0000000784300000, 0x00000007d5580000)
  object space 68608K, 21% used [0x0000000780000000,0x0000000780e1c238,0x0000000784300000)
 Metaspace       used 23062K, committed 23936K, reserved 1114112K
  class space    used 2459K, committed 2816K, reserved 1048576K
}

