# JRE version: OpenJDK Runtime Environment Temurin-21.0.9+10 (21.0.9+10) (build 21.0.9+10-LTS)
# Java VM: OpenJDK 64-Bit Server VM Temurin-21.0.9+10 (21.0.9+10-LTS, mixed mode, sharing, tiered, compressed oops, compressed class ptrs, parallel gc, bsd-amd64)
Heap:
 PSYoungGen      total 22016K, used 8962K [0x00000007d5580000, 0x00000007d6d80000, 0x0000000800000000)
  eden space 20992K, 38% used [0x00000007d5580000,0x00000007d5d6a790,0x00000007d6a00000)
  from space 1024K, 83% used [0x00000007d6c80000,0x00000007d6d562e8,0x00000007d6d80000)
  to   space 1536K, 0% used [0x00000007d6a80000,0x00000007d6a80000,0x00000007d6c00000)
 ParOldGen       total 68608K, used 28689K [0x0000000780000000, 0x0000000784300000, 0x00000007d5580000)
  object space 68608K, 41% used [0x0000000780000000,0x0000000781c04590,0x0000000784300000)
 Metaspace       used 34168K, committed 35072K, reserved 1114112K
  class space    used 3508K, committed 3904K, reserved 1048576K
GC Heap History (20 events):
Event: 24.444 GC heap before
{Heap before GC invocations=7 (full 1):
 PSYoungGen      total 31232K, used 6625K [0x00000007d5580000, 0x00000007d7c00000, 0x0000000800000000)
  eden space 24576K, 0% used [0x00000007d5580000,0x00000007d5580000,0x00000007d6d80000)
  from space 6656K, 99% used [0x00000007d7480000,0x00000007d7af8538,0x00000007d7b00000)
  to   space 7168K, 0% used [0x00000007d6d80000,0x00000007d6d80000,0x00000007d7480000)
 ParOldGen       total 68608K, used 8075K [0x0000000780000000, 0x0000000784300000, 0x00000007d5580000)
  object space 68608K, 11% used [0x0000000780000000,0x00000007807e2ce0,0x0000000784300000)
 Metaspace       used 20920K, committed 21504K, reserved 1114112K
  class space    used 2032K, committed 2304K, reserved 1048576K
}
Event: 24.494 GC heap after
{Heap after GC invocations=7 (full 1):
 PSYoungGen      total 31232K, used 0K [0x00000007d5580000, 0x00000007d7c00000, 0x0000000800000000)
  eden space 24576K, 0% used [0x00000007d5580000,0x00000007d5580000,0x00000007d6d80000)
  from space 6656K, 0% used [0x00000007d7480000,0x00000007d7480000,0x00000007d7b00000)
  to   space 7168K, 0% used [0x00000007d6d80000,0x00000007d6d80000,0x00000007d7480000)
 ParOldGen       total 68608K, used 10991K [0x0000000780000000, 0x0000000784300000, 0x00000007d5580000)
  object space 68608K, 16% used [0x0000000780000000,0x0000000780abbdf0,0x0000000784300000)
 Metaspace       used 20907K, committed 21504K, reserved 1114112K
  class space    used 2028K, committed 2304K, reserved 1048576K
}
Event: 27.431 GC heap before
{Heap before GC invocations=8 (full 1):
 PSYoungGen      total 31232K, used 24576K [0x00000007d5580000, 0x00000007d7c00000, 0x0000000800000000)
  eden space 24576K, 100% used [0x00000007d5580000,0x00000007d6d80000,0x00000007d6d80000)
  from space 6656K, 0% used [0x00000007d7480000,0x00000007d7480000,0x00000007d7b00000)
  to   space 7168K, 0% used [0x00000007d6d80000,0x00000007d6d80000,0x00000007d7480000)
 ParOldGen       total 68608K, used 10991K [0x0000000780000000, 0x0000000784300000, 0x00000007d5580000)
  object space 68608K, 16% used [0x0000000780000000,0x0000000780abbdf0,0x0000000784300000)
 Metaspace       used 22758K, committed 23424K, reserved 1114112K
  class space    used 2192K, committed 2496K, reserved 1048576K
}
Event: 27.446 GC heap after
{Heap after GC invocations=8 (full 1):
 PSYoungGen      total 26112K, used 1602K [0x00000007d5580000, 0x00000007d7500000, 0x0000000800000000)
  eden space 24064K, 0% used [0x00000007d5580000,0x00000007d5580000,0x00000007d6d00000)
  from space 2048K, 78% used [0x00000007d6d80000,0x00000007d6f10b10,0x00000007d6f80000)
  to   space 3584K, 0% used [0x00000007d7180000,0x00000007d7180000,0x00000007d7500000)
 ParOldGen       total 68608K, used 10999K [0x0000000780000000, 0x0000000784300000, 0x00000007d5580000)
  object space 68608K, 16% used [0x0000000780000000,0x0000000780abddf0,0x0000000784300000)
 Metaspace       used 22758K, committed 23424K, reserved 1114112K
  class space    used 2192K, committed 2496K, reserved 1048576K
}
Event: 29.872 GC heap before
{Heap before GC invocations=9 (full 1):
 PSYoungGen      total 26112K, used 25666K [0x00000007d5580000, 0x00000007d7500000, 0x0000000800000000)
  eden space 24064K, 100% used [0x00000007d5580000,0x00000007d6d00000,0x00000007d6d00000)
  from space 2048K, 78% used [0x00000007d6d80000,0x00000007d6f10b10,0x00000007d6f80000)
  to   space 3584K, 0% used [0x00000007d7180000,0x00000007d7180000,0x00000007d7500000)
 ParOldGen       total 68608K, used 10999K [0x0000000780000000, 0x0000000784300000, 0x00000007d5580000)
  object space 68608K, 16% used [0x0000000780000000,0x0000000780abddf0,0x0000000784300000)
 Metaspace       used 26642K, committed 27456K, reserved 1114112K
  class space    used 2637K, committed 3008K, reserved 1048576K
}
Event: 29.889 GC heap after
{Heap after GC invocations=9 (full 1):
 PSYoungGen      total 26624K, used 2987K [0x00000007d5580000, 0x00000007d7480000, 0x0000000800000000)
  eden space 23552K, 0% used [0x00000007d5580000,0x00000007d5580000,0x00000007d6c80000)
  from space 3072K, 97% used [0x00000007d7180000,0x00000007d746ad28,0x00000007d7480000)
  to   space 3584K, 0% used [0x00000007d6d80000,0x00000007d6d80000,0x00000007d7100000)
 ParOldGen       total 68608K, used 10999K [0x0000000780000000, 0x0000000784300000, 0x00000007d5580000)
  object space 68608K, 16% used [0x0000000780000000,0x0000000780abddf0,0x0000000784300000)
 Metaspace       used 26642K, committed 27456K, reserved 1114112K
  class space    used 2637K, committed 3008K, reserved 1048576K
}
Event: 32.696 GC heap before
{Heap before GC invocations=10 (full 1):
 PSYoungGen      total 26624K, used 26533K [0x00000007d5580000, 0x00000007d7480000, 0x0000000800000000)
  eden space 23552K, 99% used [0x00000007d5580000,0x00000007d6c7e878,0x00000007d6c80000)
  from space 3072K, 97% used [0x00000007d7180000,0x00000007d746ad28,0x00000007d7480000)
  to   space 3584K, 0% used [0x00000007d6d80000,0x00000007d6d80000,0x00000007d7100000)
 ParOldGen       total 68608K, used 10999K [0x0000000780000000, 0x0000000784300000, 0x00000007d5580000)
  object space 68608K, 16% used [0x0000000780000000,0x0000000780abddf0,0x0000000784300000)
 Metaspace       used 29439K, committed 30208K, reserved 1114112K
  class space    used 2974K, committed 3328K, reserved 1048576K
}
Event: 32.700 GC heap after
{Heap after GC invocations=10 (full 1):
 PSYoungGen      total 26624K, used 3581K [0x00000007d5580000, 0x00000007d7500000, 0x0000000800000000)
  eden space 23040K, 0% used [0x00000007d5580000,0x00000007d5580000,0x00000007d6c00000)
  from space 3584K, 99% used [0x00000007d6d80000,0x00000007d70ff4c8,0x00000007d7100000)
  to   space 4096K, 0% used [0x00000007d7100000,0x00000007d7100000,0x00000007d7500000)
 ParOldGen       total 68608K, used 11575K [0x0000000780000000, 0x0000000784300000, 0x00000007d5580000)
  object space 68608K, 16% used [0x0000000780000000,0x0000000780b4de20,0x0000000784300000)
 Metaspace       used 29439K, committed 30208K, reserved 1114112K
  class space    used 2974K, committed 3328K, reserved 1048576K
}
Event: 35.198 GC heap before
{Heap before GC invocations=11 (full 1):
 PSYoungGen      total 26624K, used 26621K [0x00000007d5580000, 0x00000007d7500000, 0x0000000800000000)
  eden space 23040K, 100% used [0x00000007d5580000,0x00000007d6c00000,0x00000007d6c00000)
  from space 3584K, 99% used [0x00000007d6d80000,0x00000007d70ff4c8,0x00000007d7100000)
  to   space 4096K, 0% used [0x00000007d7100000,0x00000007d7100000,0x00000007d7500000)
 ParOldGen       total 68608K, used 11575K [0x0000000780000000, 0x0000000784300000, 0x00000007d5580000)
  object space 68608K, 16% used [0x0000000780000000,0x0000000780b4de20,0x0000000784300000)
 Metaspace       used 30811K, committed 31744K, reserved 1114112K
  class space    used 3112K, committed 3520K, reserved 1048576K
}
Event: 35.213 GC heap after
{Heap after GC invocations=11 (full 1):
 PSYoungGen      total 26112K, used 3486K [0x00000007d5580000, 0x00000007d7480000, 0x0000000800000000)
  eden space 22528K, 0% used [0x00000007d5580000,0x00000007d5580000,0x00000007d6b80000)
  from space 3584K, 97% used [0x00000007d7100000,0x00000007d7467868,0x00000007d7480000)
  to   space 4096K, 0% used [0x00000007d6c80000,0x00000007d6c80000,0x00000007d7080000)
 ParOldGen       total 68608K, used 13845K [0x0000000780000000, 0x0000000784300000, 0x00000007d5580000)
  object space 68608K, 20% used [0x0000000780000000,0x0000000780d857f0,0x0000000784300000)
 Metaspace       used 30811K, committed 31744K, reserved 1114112K
  class space    used 3112K, committed 3520K, reserved 1048576K
}
Event: 36.424 GC heap before
{Heap before GC invocations=12 (full 1):
 PSYoungGen      total 26112K, used 26014K [0x00000007d5580000, 0x00000007d7480000, 0x0000000800000000)
  eden space 22528K, 99% used [0x00000007d5580000,0x00000007d6b7fff8,0x00000007d6b80000)
  from space 3584K, 97% used [0x00000007d7100000,0x00000007d7467868,0x00000007d7480000)
  to   space 4096K, 0% used [0x00000007d6c80000,0x00000007d6c80000,0x00000007d7080000)
 ParOldGen       total 68608K, used 13845K [0x0000000780000000, 0x0000000784300000, 0x00000007d5580000)
  object space 68608K, 20% used [0x0000000780000000,0x0000000780d857f0,0x0000000784300000)
 Metaspace       used 31257K, committed 32192K, reserved 1114112K
  class space    used 3184K, committed 3584K, reserved 1048576K
}
Event: 36.439 GC heap after
{Heap after GC invocations=12 (full 1):
 PSYoungGen      total 25088K, used 2705K [0x00000007d5580000, 0x00000007d7180000, 0x0000000800000000)
  eden space 22016K, 0% used [0x00000007d5580000,0x00000007d5580000,0x00000007d6b00000)
  from space 3072K, 88% used [0x00000007d6c80000,0x00000007d6f24460,0x00000007d6f80000)
  to   space 2048K, 0% used [0x00000007d6f80000,0x00000007d6f80000,0x00000007d7180000)
 ParOldGen       total 68608K, used 17202K [0x0000000780000000, 0x0000000784300000, 0x00000007d5580000)
  object space 68608K, 25% used [0x0000000780000000,0x00000007810ccbe0,0x0000000784300000)
 Metaspace       used 31257K, committed 32192K, reserved 1114112K
  class space    used 3184K, committed 3584K, reserved 1048576K
}
Event: 38.226 GC heap before
{Heap before GC invocations=13 (full 1):
 PSYoungGen      total 25088K, used 24721K [0x00000007d5580000, 0x00000007d7180000, 0x0000000800000000)
  eden space 22016K, 100% used [0x00000007d5580000,0x00000007d6b00000,0x00000007d6b00000)
  from space 3072K, 88% used [0x00000007d6c80000,0x00000007d6f24460,0x00000007d6f80000)
  to   space 2048K, 0% used [0x00000007d6f80000,0x00000007d6f80000,0x00000007d7180000)
 ParOldGen       total 68608K, used 17202K [0x0000000780000000, 0x0000000784300000, 0x00000007d5580000)
  object space 68608K, 25% used [0x0000000780000000,0x00000007810ccbe0,0x0000000784300000)
 Metaspace       used 31284K, committed 32256K, reserved 1114112K
  class space    used 3185K, committed 3584K, reserved 1048576K
}
Event: 38.241 GC heap after
{Heap after GC invocations=13 (full 1):
 PSYoungGen      total 23040K, used 2018K [0x00000007d5580000, 0x00000007d7600000, 0x0000000800000000)
  eden space 20992K, 0% used [0x00000007d5580000,0x00000007d5580000,0x00000007d6a00000)
  from space 2048K, 98% used [0x00000007d6f80000,0x00000007d7178810,0x00000007d7180000)
  to   space 5632K, 0% used [0x00000007d6a00000,0x00000007d6a00000,0x00000007d6f80000)
 ParOldGen       total 68608K, used 20305K [0x0000000780000000, 0x0000000784300000, 0x00000007d5580000)
  object space 68608K, 29% used [0x0000000780000000,0x00000007813d4560,0x0000000784300000)
 Metaspace       used 31284K, committed 32256K, reserved 1114112K
  class space    used 3185K, committed 3584K, reserved 1048576K
}
Event: 39.810 GC heap before
{Heap before GC invocations=14 (full 1):
 PSYoungGen      total 23040K, used 23010K [0x00000007d5580000, 0x00000007d7600000, 0x0000000800000000)
  eden space 20992K, 100% used [0x00000007d5580000,0x00000007d6a00000,0x00000007d6a00000)
  from space 2048K, 98% used [0x00000007d6f80000,0x00000007d7178810,0x00000007d7180000)
  to   space 5632K, 0% used [0x00000007d6a00000,0x00000007d6a00000,0x00000007d6f80000)
 ParOldGen       total 68608K, used 20305K [0x0000000780000000, 0x0000000784300000, 0x00000007d5580000)
  object space 68608K, 29% used [0x0000000780000000,0x00000007813d4560,0x0000000784300000)
 Metaspace       used 31295K, committed 32256K, reserved 1114112K
  class space    used 3185K, committed 3584K, reserved 1048576K
}
Event: 39.816 GC heap after
{Heap after GC invocations=14 (full 1):
 PSYoungGen      total 23552K, used 2308K [0x00000007d5580000, 0x00000007d7100000, 0x0000000800000000)
  eden space 20992K, 0% used [0x00000007d5580000,0x00000007d5580000,0x00000007d6a00000)
  from space 2560K, 90% used [0x00000007d6a00000,0x00000007d6c41000,0x00000007d6c80000)
  to   space 3584K, 0% used [0x00000007d6d80000,0x00000007d6d80000,0x00000007d7100000)
 ParOldGen       total 68608K, used 22207K [0x0000000780000000, 0x0000000784300000, 0x00000007d5580000)
  object space 68608K, 32% used [0x0000000780000000,0x00000007815afef8,0x0000000784300000)
 Metaspace       used 31295K, committed 32256K, reserved 1114112K
  class space    used 3185K, committed 3584K, reserved 1048576K
}
Event: 40.613 GC heap before
{Heap before GC invocations=15 (full 1):
 PSYoungGen      total 23552K, used 23300K [0x00000007d5580000, 0x00000007d7100000, 0x0000000800000000)
  eden space 20992K, 100% used [0x00000007d5580000,0x00000007d6a00000,0x00000007d6a00000)
  from space 2560K, 90% used [0x00000007d6a00000,0x00000007d6c41000,0x00000007d6c80000)
  to   space 3584K, 0% used [0x00000007d6d80000,0x00000007d6d80000,0x00000007d7100000)
 ParOldGen       total 68608K, used 22207K [0x0000000780000000, 0x0000000784300000, 0x00000007d5580000)
  object space 68608K, 32% used [0x0000000780000000,0x00000007815afef8,0x0000000784300000)
 Metaspace       used 31358K, committed 32256K, reserved 1114112K
  class space    used 3185K, committed 3584K, reserved 1048576K
}
Event: 40.628 GC heap after
{Heap after GC invocations=15 (full 1):
 PSYoungGen      total 23552K, used 2368K [0x00000007d5580000, 0x00000007d7000000, 0x0000000800000000)
  eden space 20992K, 0% used [0x00000007d5580000,0x00000007d5580000,0x00000007d6a00000)
  from space 2560K, 92% used [0x00000007d6d80000,0x00000007d6fd0010,0x00000007d7000000)
  to   space 2560K, 0% used [0x00000007d6a00000,0x00000007d6a00000,0x00000007d6c80000)
 ParOldGen       total 68608K, used 24402K [0x0000000780000000, 0x0000000784300000, 0x00000007d5580000)
  object space 68608K, 35% used [0x0000000780000000,0x00000007817d4a48,0x0000000784300000)
 Metaspace       used 31358K, committed 32256K, reserved 1114112K
  class space    used 3185K, committed 3584K, reserved 1048576K
}
Event: 41.660 GC heap before
{Heap before GC invocations=16 (full 1):
 PSYoungGen      total 23552K, used 23360K [0x00000007d5580000, 0x00000007d7000000, 0x0000000800000000)
  eden space 20992K, 100% used [0x00000007d5580000,0x00000007d6a00000,0x00000007d6a00000)
  from space 2560K, 92% used [0x00000007d6d80000,0x00000007d6fd0010,0x00000007d7000000)
  to   space 2560K, 0% used [0x00000007d6a00000,0x00000007d6a00000,0x00000007d6c80000)
 ParOldGen       total 68608K, used 24402K [0x0000000780000000, 0x0000000784300000, 0x00000007d5580000)
  object space 68608K, 35% used [0x0000000780000000,0x00000007817d4a48,0x0000000784300000)
 Metaspace       used 31466K, committed 32320K, reserved 1114112K
  class space    used 3196K, committed 3584K, reserved 1048576K
}
Event: 41.676 GC heap after
{Heap after GC invocations=16 (full 1):
 PSYoungGen      total 23552K, used 2201K [0x00000007d5580000, 0x00000007d6f00000, 0x0000000800000000)
  eden space 20992K, 0% used [0x00000007d5580000,0x00000007d5580000,0x00000007d6a00000)
  from space 2560K, 85% used [0x00000007d6a00000,0x00000007d6c264f0,0x00000007d6c80000)
  to   space 2560K, 0% used [0x00000007d6c80000,0x00000007d6c80000,0x00000007d6f00000)
 ParOldGen       total 68608K, used 26714K [0x0000000780000000, 0x0000000784300000, 0x00000007d5580000)
  object space 68608K, 38% used [0x0000000780000000,0x0000000781a16a58,0x0000000784300000)
 Metaspace       used 31466K, committed 32320K, reserved 1114112K
  class space    used 3196K, committed 3584K, reserved 1048576K
}

