# JRE version: OpenJDK Runtime Environment Temurin-21.0.9+10 (21.0.9+10) (build 21.0.9+10-LTS)
# Java VM: OpenJDK 64-Bit Server VM Temurin-21.0.9+10 (21.0.9+10-LTS, mixed mode, sharing, tiered, compressed oops, compressed class ptrs, parallel gc, bsd-amd64)
Heap:
 PSYoungGen      total 20480K, used 15913K [0x00000007d5580000, 0x00000007d6c80000, 0x0000000800000000)
  eden space 19456K, 77% used [0x00000007d5580000,0x00000007d6442778,0x00000007d6880000)
  from space 1024K, 78% used [0x00000007d6b80000,0x00000007d6c48000,0x00000007d6c80000)
  to   space 1536K, 0% used [0x00000007d6980000,0x00000007d6980000,0x00000007d6b00000)
 ParOldGen       total 68608K, used 35896K [0x0000000780000000, 0x0000000784300000, 0x00000007d5580000)
  object space 68608K, 52% used [0x0000000780000000,0x000000078230e0a0,0x0000000784300000)
 Metaspace       used 42385K, committed 43392K, reserved 1114112K
  class space    used 4333K, committed 4736K, reserved 1048576K
GC Heap History (20 events):
Event: 41.901 GC heap before
{Heap before GC invocations=15 (full 2):
 PSYoungGen      total 23552K, used 23376K [0x00000007d5580000, 0x00000007d7080000, 0x0000000800000000)
  eden space 22016K, 100% used [0x00000007d5580000,0x00000007d6b00000,0x00000007d6b00000)
  from space 1536K, 88% used [0x00000007d6f00000,0x00000007d7054050,0x00000007d7080000)
  to   space 1536K, 0% used [0x00000007d6d80000,0x00000007d6d80000,0x00000007d6f00000)
 ParOldGen       total 68608K, used 15985K [0x0000000780000000, 0x0000000784300000, 0x00000007d5580000)
  object space 68608K, 23% used [0x0000000780000000,0x0000000780f9c440,0x0000000784300000)
 Metaspace       used 36564K, committed 37504K, reserved 1114112K
  class space    used 3771K, committed 4160K, reserved 1048576K
}
Event: 41.917 GC heap after
{Heap after GC invocations=15 (full 2):
 PSYoungGen      total 23552K, used 1504K [0x00000007d5580000, 0x00000007d7300000, 0x0000000800000000)
  eden space 22016K, 0% used [0x00000007d5580000,0x00000007d5580000,0x00000007d6b00000)
  from space 1536K, 97% used [0x00000007d6d80000,0x00000007d6ef8010,0x00000007d6f00000)
  to   space 4096K, 0% used [0x00000007d6f00000,0x00000007d6f00000,0x00000007d7300000)
 ParOldGen       total 68608K, used 17751K [0x0000000780000000, 0x0000000784300000, 0x00000007d5580000)
  object space 68608K, 25% used [0x0000000780000000,0x0000000781155e18,0x0000000784300000)
 Metaspace       used 36564K, committed 37504K, reserved 1114112K
  class space    used 3771K, committed 4160K, reserved 1048576K
}
Event: 44.304 GC heap before
{Heap before GC invocations=16 (full 2):
 PSYoungGen      total 23552K, used 23520K [0x00000007d5580000, 0x00000007d7300000, 0x0000000800000000)
  eden space 22016K, 100% used [0x00000007d5580000,0x00000007d6b00000,0x00000007d6b00000)
  from space 1536K, 97% used [0x00000007d6d80000,0x00000007d6ef8010,0x00000007d6f00000)
  to   space 4096K, 0% used [0x00000007d6f00000,0x00000007d6f00000,0x00000007d7300000)
 ParOldGen       total 68608K, used 17751K [0x0000000780000000, 0x0000000784300000, 0x00000007d5580000)
  object space 68608K, 25% used [0x0000000780000000,0x0000000781155e18,0x0000000784300000)
 Metaspace       used 37351K, committed 38336K, reserved 1114112K
  class space    used 3871K, committed 4288K, reserved 1048576K
}
Event: 44.320 GC heap after
{Heap after GC invocations=16 (full 2):
 PSYoungGen      total 24576K, used 2417K [0x00000007d5580000, 0x00000007d7180000, 0x0000000800000000)
  eden space 22016K, 0% used [0x00000007d5580000,0x00000007d5580000,0x00000007d6b00000)
  from space 2560K, 94% used [0x00000007d6f00000,0x00000007d715c430,0x00000007d7180000)
  to   space 3072K, 0% used [0x00000007d6b80000,0x00000007d6b80000,0x00000007d6e80000)
 ParOldGen       total 68608K, used 19207K [0x0000000780000000, 0x0000000784300000, 0x00000007d5580000)
  object space 68608K, 27% used [0x0000000780000000,0x00000007812c1e18,0x0000000784300000)
 Metaspace       used 37351K, committed 38336K, reserved 1114112K
  class space    used 3871K, committed 4288K, reserved 1048576K
}
Event: 45.557 GC heap before
{Heap before GC invocations=17 (full 2):
 PSYoungGen      total 24576K, used 24433K [0x00000007d5580000, 0x00000007d7180000, 0x0000000800000000)
  eden space 22016K, 100% used [0x00000007d5580000,0x00000007d6b00000,0x00000007d6b00000)
  from space 2560K, 94% used [0x00000007d6f00000,0x00000007d715c430,0x00000007d7180000)
  to   space 3072K, 0% used [0x00000007d6b80000,0x00000007d6b80000,0x00000007d6e80000)
 ParOldGen       total 68608K, used 19207K [0x0000000780000000, 0x0000000784300000, 0x00000007d5580000)
  object space 68608K, 27% used [0x0000000780000000,0x00000007812c1e18,0x0000000784300000)
 Metaspace       used 37368K, committed 38336K, reserved 1114112K
  class space    used 3871K, committed 4288K, reserved 1048576K
}
Event: 45.570 GC heap after
{Heap after GC invocations=17 (full 2):
 PSYoungGen      total 24576K, used 2466K [0x00000007d5580000, 0x00000007d7000000, 0x0000000800000000)
  eden space 22016K, 0% used [0x00000007d5580000,0x00000007d5580000,0x00000007d6b00000)
  from space 2560K, 96% used [0x00000007d6b80000,0x00000007d6de8800,0x00000007d6e00000)
  to   space 2048K, 0% used [0x00000007d6e00000,0x00000007d6e00000,0x00000007d7000000)
 ParOldGen       total 68608K, used 21451K [0x0000000780000000, 0x0000000784300000, 0x00000007d5580000)
  object space 68608K, 31% used [0x0000000780000000,0x00000007814f2e58,0x0000000784300000)
 Metaspace       used 37368K, committed 38336K, reserved 1114112K
  class space    used 3871K, committed 4288K, reserved 1048576K
}
Event: 47.439 GC heap before
{Heap before GC invocations=18 (full 2):
 PSYoungGen      total 24576K, used 24482K [0x00000007d5580000, 0x00000007d7000000, 0x0000000800000000)
  eden space 22016K, 100% used [0x00000007d5580000,0x00000007d6b00000,0x00000007d6b00000)
  from space 2560K, 96% used [0x00000007d6b80000,0x00000007d6de8800,0x00000007d6e00000)
  to   space 2048K, 0% used [0x00000007d6e00000,0x00000007d6e00000,0x00000007d7000000)
 ParOldGen       total 68608K, used 21451K [0x0000000780000000, 0x0000000784300000, 0x00000007d5580000)
  object space 68608K, 31% used [0x0000000780000000,0x00000007814f2e58,0x0000000784300000)
 Metaspace       used 37382K, committed 38336K, reserved 1114112K
  class space    used 3871K, committed 4288K, reserved 1048576K
}
Event: 47.459 GC heap after
{Heap after GC invocations=18 (full 2):
 PSYoungGen      total 22016K, used 2020K [0x00000007d5580000, 0x00000007d7500000, 0x0000000800000000)
  eden space 19968K, 0% used [0x00000007d5580000,0x00000007d5580000,0x00000007d6900000)
  from space 2048K, 98% used [0x00000007d6e00000,0x00000007d6ff9000,0x00000007d7000000)
  to   space 5120K, 0% used [0x00000007d6900000,0x00000007d6900000,0x00000007d6e00000)
 ParOldGen       total 68608K, used 24055K [0x0000000780000000, 0x0000000784300000, 0x00000007d5580000)
  object space 68608K, 35% used [0x0000000780000000,0x000000078177df58,0x0000000784300000)
 Metaspace       used 37382K, committed 38336K, reserved 1114112K
  class space    used 3871K, committed 4288K, reserved 1048576K
}
Event: 49.219 GC heap before
{Heap before GC invocations=19 (full 2):
 PSYoungGen      total 22016K, used 21988K [0x00000007d5580000, 0x00000007d7500000, 0x0000000800000000)
  eden space 19968K, 100% used [0x00000007d5580000,0x00000007d6900000,0x00000007d6900000)
  from space 2048K, 98% used [0x00000007d6e00000,0x00000007d6ff9000,0x00000007d7000000)
  to   space 5120K, 0% used [0x00000007d6900000,0x00000007d6900000,0x00000007d6e00000)
 ParOldGen       total 68608K, used 24055K [0x0000000780000000, 0x0000000784300000, 0x00000007d5580000)
  object space 68608K, 35% used [0x0000000780000000,0x000000078177df58,0x0000000784300000)
 Metaspace       used 37445K, committed 38400K, reserved 1114112K
  class space    used 3872K, committed 4288K, reserved 1048576K
}
Event: 49.233 GC heap after
{Heap after GC invocations=19 (full 2):
 PSYoungGen      total 22528K, used 2208K [0x00000007d5580000, 0x00000007d7000000, 0x0000000800000000)
  eden space 19968K, 0% used [0x00000007d5580000,0x00000007d5580000,0x00000007d6900000)
  from space 2560K, 86% used [0x00000007d6900000,0x00000007d6b28010,0x00000007d6b80000)
  to   space 3584K, 0% used [0x00000007d6c80000,0x00000007d6c80000,0x00000007d7000000)
 ParOldGen       total 68608K, used 26091K [0x0000000780000000, 0x0000000784300000, 0x00000007d5580000)
  object space 68608K, 38% used [0x0000000780000000,0x000000078197af58,0x0000000784300000)
 Metaspace       used 37445K, committed 38400K, reserved 1114112K
  class space    used 3872K, committed 4288K, reserved 1048576K
}
Event: 50.885 GC heap before
{Heap before GC invocations=20 (full 2):
 PSYoungGen      total 22528K, used 22176K [0x00000007d5580000, 0x00000007d7000000, 0x0000000800000000)
  eden space 19968K, 100% used [0x00000007d5580000,0x00000007d6900000,0x00000007d6900000)
  from space 2560K, 86% used [0x00000007d6900000,0x00000007d6b28010,0x00000007d6b80000)
  to   space 3584K, 0% used [0x00000007d6c80000,0x00000007d6c80000,0x00000007d7000000)
 ParOldGen       total 68608K, used 26091K [0x0000000780000000, 0x0000000784300000, 0x00000007d5580000)
  object space 68608K, 38% used [0x0000000780000000,0x000000078197af58,0x0000000784300000)
 Metaspace       used 37657K, committed 38592K, reserved 1114112K
  class space    used 3884K, committed 4288K, reserved 1048576K
}
Event: 50.900 GC heap after
{Heap after GC invocations=20 (full 2):
 PSYoungGen      total 23040K, used 3373K [0x00000007d5580000, 0x00000007d7100000, 0x0000000800000000)
  eden space 19456K, 0% used [0x00000007d5580000,0x00000007d5580000,0x00000007d6880000)
  from space 3584K, 94% used [0x00000007d6c80000,0x00000007d6fcb710,0x00000007d7000000)
  to   space 4096K, 0% used [0x00000007d6880000,0x00000007d6880000,0x00000007d6c80000)
 ParOldGen       total 68608K, used 28219K [0x0000000780000000, 0x0000000784300000, 0x00000007d5580000)
  object space 68608K, 41% used [0x0000000780000000,0x0000000781b8ef68,0x0000000784300000)
 Metaspace       used 37657K, committed 38592K, reserved 1114112K
  class space    used 3884K, committed 4288K, reserved 1048576K
}
Event: 52.659 GC heap before
{Heap before GC invocations=21 (full 2):
 PSYoungGen      total 23040K, used 22829K [0x00000007d5580000, 0x00000007d7100000, 0x0000000800000000)
  eden space 19456K, 100% used [0x00000007d5580000,0x00000007d6880000,0x00000007d6880000)
  from space 3584K, 94% used [0x00000007d6c80000,0x00000007d6fcb710,0x00000007d7000000)
  to   space 4096K, 0% used [0x00000007d6880000,0x00000007d6880000,0x00000007d6c80000)
 ParOldGen       total 68608K, used 28219K [0x0000000780000000, 0x0000000784300000, 0x00000007d5580000)
  object space 68608K, 41% used [0x0000000780000000,0x0000000781b8ef68,0x0000000784300000)
 Metaspace       used 39272K, committed 40320K, reserved 1114112K
  class space    used 4044K, committed 4480K, reserved 1048576K
}
Event: 52.674 GC heap after
{Heap after GC invocations=21 (full 2):
 PSYoungGen      total 23040K, used 3075K [0x00000007d5580000, 0x00000007d6f80000, 0x0000000800000000)
  eden space 19456K, 0% used [0x00000007d5580000,0x00000007d5580000,0x00000007d6880000)
  from space 3584K, 85% used [0x00000007d6880000,0x00000007d6b80fa8,0x00000007d6c00000)
  to   space 3584K, 0% used [0x00000007d6c00000,0x00000007d6c00000,0x00000007d6f80000)
 ParOldGen       total 68608K, used 31009K [0x0000000780000000, 0x0000000784300000, 0x00000007d5580000)
  object space 68608K, 45% used [0x0000000780000000,0x0000000781e48678,0x0000000784300000)
 Metaspace       used 39272K, committed 40320K, reserved 1114112K
  class space    used 4044K, committed 4480K, reserved 1048576K
}
Event: 53.927 GC heap before
{Heap before GC invocations=22 (full 2):
 PSYoungGen      total 23040K, used 22531K [0x00000007d5580000, 0x00000007d6f80000, 0x0000000800000000)
  eden space 19456K, 100% used [0x00000007d5580000,0x00000007d6880000,0x00000007d6880000)
  from space 3584K, 85% used [0x00000007d6880000,0x00000007d6b80fa8,0x00000007d6c00000)
  to   space 3584K, 0% used [0x00000007d6c00000,0x00000007d6c00000,0x00000007d6f80000)
 ParOldGen       total 68608K, used 31009K [0x0000000780000000, 0x0000000784300000, 0x00000007d5580000)
  object space 68608K, 45% used [0x0000000780000000,0x0000000781e48678,0x0000000784300000)
 Metaspace       used 39676K, committed 40640K, reserved 1114112K
  class space    used 4085K, committed 4480K, reserved 1048576K
}
Event: 53.946 GC heap after
{Heap after GC invocations=22 (full 2):
 PSYoungGen      total 22528K, used 2609K [0x00000007d5580000, 0x00000007d6f00000, 0x0000000800000000)
  eden space 19456K, 0% used [0x00000007d5580000,0x00000007d5580000,0x00000007d6880000)
  from space 3072K, 84% used [0x00000007d6c00000,0x00000007d6e8c698,0x00000007d6f00000)
  to   space 3072K, 0% used [0x00000007d6900000,0x00000007d6900000,0x00000007d6c00000)
 ParOldGen       total 68608K, used 33284K [0x0000000780000000, 0x0000000784300000, 0x00000007d5580000)
  object space 68608K, 48% used [0x0000000780000000,0x0000000782081328,0x0000000784300000)
 Metaspace       used 39676K, committed 40640K, reserved 1114112K
  class space    used 4085K, committed 4480K, reserved 1048576K
}
Event: 55.414 GC heap before
{Heap before GC invocations=23 (full 2):
 PSYoungGen      total 22528K, used 22065K [0x00000007d5580000, 0x00000007d6f00000, 0x0000000800000000)
  eden space 19456K, 100% used [0x00000007d5580000,0x00000007d6880000,0x00000007d6880000)
  from space 3072K, 84% used [0x00000007d6c00000,0x00000007d6e8c698,0x00000007d6f00000)
  to   space 3072K, 0% used [0x00000007d6900000,0x00000007d6900000,0x00000007d6c00000)
 ParOldGen       total 68608K, used 33284K [0x0000000780000000, 0x0000000784300000, 0x00000007d5580000)
  object space 68608K, 48% used [0x0000000780000000,0x0000000782081328,0x0000000784300000)
 Metaspace       used 40109K, committed 41088K, reserved 1114112K
  class space    used 4143K, committed 4544K, reserved 1048576K
}
Event: 55.444 GC heap after
{Heap after GC invocations=23 (full 2):
 PSYoungGen      total 22016K, used 2063K [0x00000007d5580000, 0x00000007d6d80000, 0x0000000800000000)
  eden space 19456K, 0% used [0x00000007d5580000,0x00000007d5580000,0x00000007d6880000)
  from space 2560K, 80% used [0x00000007d6900000,0x00000007d6b03f08,0x00000007d6b80000)
  to   space 2048K, 0% used [0x00000007d6b80000,0x00000007d6b80000,0x00000007d6d80000)
 ParOldGen       total 68608K, used 34781K [0x0000000780000000, 0x0000000784300000, 0x00000007d5580000)
  object space 68608K, 50% used [0x0000000780000000,0x00000007821f76d0,0x0000000784300000)
 Metaspace       used 40109K, committed 41088K, reserved 1114112K
  class space    used 4143K, committed 4544K, reserved 1048576K
}
Event: 57.339 GC heap before
{Heap before GC invocations=24 (full 2):
 PSYoungGen      total 22016K, used 21519K [0x00000007d5580000, 0x00000007d6d80000, 0x0000000800000000)
  eden space 19456K, 100% used [0x00000007d5580000,0x00000007d6880000,0x00000007d6880000)
  from space 2560K, 80% used [0x00000007d6900000,0x00000007d6b03f08,0x00000007d6b80000)
  to   space 2048K, 0% used [0x00000007d6b80000,0x00000007d6b80000,0x00000007d6d80000)
 ParOldGen       total 68608K, used 34781K [0x0000000780000000, 0x0000000784300000, 0x00000007d5580000)
  object space 68608K, 50% used [0x0000000780000000,0x00000007821f76d0,0x0000000784300000)
 Metaspace       used 41222K, committed 42240K, reserved 1114112K
  class space    used 4229K, committed 4672K, reserved 1048576K
}
Event: 57.355 GC heap after
{Heap after GC invocations=24 (full 2):
 PSYoungGen      total 20480K, used 800K [0x00000007d5580000, 0x00000007d6c80000, 0x0000000800000000)
  eden space 19456K, 0% used [0x00000007d5580000,0x00000007d5580000,0x00000007d6880000)
  from space 1024K, 78% used [0x00000007d6b80000,0x00000007d6c48000,0x00000007d6c80000)
  to   space 1536K, 0% used [0x00000007d6980000,0x00000007d6980000,0x00000007d6b00000)
 ParOldGen       total 68608K, used 35896K [0x0000000780000000, 0x0000000784300000, 0x00000007d5580000)
  object space 68608K, 52% used [0x0000000780000000,0x000000078230e0a0,0x0000000784300000)
 Metaspace       used 41222K, committed 42240K, reserved 1114112K
  class space    used 4229K, committed 4672K, reserved 1048576K
}

