# JRE version: OpenJDK Runtime Environment Temurin-21.0.9+10 (21.0.9+10) (build 21.0.9+10-LTS)
# Java VM: OpenJDK 64-Bit Server VM Temurin-21.0.9+10 (21.0.9+10-LTS, mixed mode, sharing, tiered, compressed oops, compressed class ptrs, parallel gc, bsd-amd64)
Heap:
 PSYoungGen      total 23552K, used 22016K [0x00000007d5580000, 0x00000007d7180000, 0x0000000800000000)
  eden space 22016K, 100% used [0x00000007d5580000,0x00000007d6b00000,0x00000007d6b00000)
  from space 1536K, 0% used [0x00000007d6f80000,0x00000007d6f80000,0x00000007d7100000)
  to   space 512K, 0% used [0x00000007d7100000,0x00000007d7100000,0x00000007d7180000)
 ParOldGen       total 68608K, used 19480K [0x0000000780000000, 0x0000000784300000, 0x00000007d5580000)
  object space 68608K, 28% used [0x0000000780000000,0x00000007813063a8,0x0000000784300000)
 Metaspace       used 37315K, committed 38528K, reserved 1114112K
  class space    used 3966K, committed 4480K, reserved 1048576K
GC Heap History (20 events):
Event: 30.318 GC heap before
{Heap before GC invocations=6 (full 0):
 PSYoungGen      total 29184K, used 29178K [0x00000007d5580000, 0x00000007d7900000, 0x0000000800000000)
  eden space 25088K, 100% used [0x00000007d5580000,0x00000007d6e00000,0x00000007d6e00000)
  from space 4096K, 99% used [0x00000007d6e80000,0x00000007d727e978,0x00000007d7280000)
  to   space 5632K, 0% used [0x00000007d7380000,0x00000007d7380000,0x00000007d7900000)
 ParOldGen       total 68608K, used 8350K [0x0000000780000000, 0x0000000784300000, 0x00000007d5580000)
  object space 68608K, 12% used [0x0000000780000000,0x0000000780827a48,0x0000000784300000)
 Metaspace       used 17999K, committed 18752K, reserved 1114112K
  class space    used 1911K, committed 2240K, reserved 1048576K
}
Event: 30.335 GC heap after
{Heap after GC invocations=6 (full 0):
 PSYoungGen      total 30208K, used 5617K [0x00000007d5580000, 0x00000007d7980000, 0x0000000800000000)
  eden space 24576K, 0% used [0x00000007d5580000,0x00000007d5580000,0x00000007d6d80000)
  from space 5632K, 99% used [0x00000007d7380000,0x00000007d78fc718,0x00000007d7900000)
  to   space 6144K, 0% used [0x00000007d6d80000,0x00000007d6d80000,0x00000007d7380000)
 ParOldGen       total 68608K, used 8398K [0x0000000780000000, 0x0000000784300000, 0x00000007d5580000)
  object space 68608K, 12% used [0x0000000780000000,0x0000000780833a48,0x0000000784300000)
 Metaspace       used 17999K, committed 18752K, reserved 1114112K
  class space    used 1911K, committed 2240K, reserved 1048576K
}
Event: 33.529 GC heap before
{Heap before GC invocations=7 (full 0):
 PSYoungGen      total 30208K, used 27319K [0x00000007d5580000, 0x00000007d7980000, 0x0000000800000000)
  eden space 24576K, 88% used [0x00000007d5580000,0x00000007d6ab1848,0x00000007d6d80000)
  from space 5632K, 99% used [0x00000007d7380000,0x00000007d78fc718,0x00000007d7900000)
  to   space 6144K, 0% used [0x00000007d6d80000,0x00000007d6d80000,0x00000007d7380000)
 ParOldGen       total 68608K, used 8398K [0x0000000780000000, 0x0000000784300000, 0x00000007d5580000)
  object space 68608K, 12% used [0x0000000780000000,0x0000000780833a48,0x0000000784300000)
 Metaspace       used 20603K, committed 21504K, reserved 1114112K
  class space    used 2204K, committed 2624K, reserved 1048576K
}
Event: 33.554 GC heap after
{Heap after GC invocations=7 (full 0):
 PSYoungGen      total 30208K, used 5122K [0x00000007d5580000, 0x00000007d7880000, 0x0000000800000000)
  eden space 24576K, 0% used [0x00000007d5580000,0x00000007d5580000,0x00000007d6d80000)
  from space 5632K, 90% used [0x00000007d6d80000,0x00000007d7280a30,0x00000007d7300000)
  to   space 5632K, 0% used [0x00000007d7300000,0x00000007d7300000,0x00000007d7880000)
 ParOldGen       total 68608K, used 9822K [0x0000000780000000, 0x0000000784300000, 0x00000007d5580000)
  object space 68608K, 14% used [0x0000000780000000,0x0000000780997a50,0x0000000784300000)
 Metaspace       used 20603K, committed 21504K, reserved 1114112K
  class space    used 2204K, committed 2624K, reserved 1048576K
}
Event: 33.554 GC heap before
{Heap before GC invocations=8 (full 1):
 PSYoungGen      total 30208K, used 5122K [0x00000007d5580000, 0x00000007d7880000, 0x0000000800000000)
  eden space 24576K, 0% used [0x00000007d5580000,0x00000007d5580000,0x00000007d6d80000)
  from space 5632K, 90% used [0x00000007d6d80000,0x00000007d7280a30,0x00000007d7300000)
  to   space 5632K, 0% used [0x00000007d7300000,0x00000007d7300000,0x00000007d7880000)
 ParOldGen       total 68608K, used 9822K [0x0000000780000000, 0x0000000784300000, 0x00000007d5580000)
  object space 68608K, 14% used [0x0000000780000000,0x0000000780997a50,0x0000000784300000)
 Metaspace       used 20603K, committed 21504K, reserved 1114112K
  class space    used 2204K, committed 2624K, reserved 1048576K
}
Event: 33.652 GC heap after
{Heap after GC invocations=8 (full 1):
 PSYoungGen      total 30208K, used 0K [0x00000007d5580000, 0x00000007d7880000, 0x0000000800000000)
  eden space 24576K, 0% used [0x00000007d5580000,0x00000007d5580000,0x00000007d6d80000)
  from space 5632K, 0% used [0x00000007d6d80000,0x00000007d6d80000,0x00000007d7300000)
  to   space 5632K, 0% used [0x00000007d7300000,0x00000007d7300000,0x00000007d7880000)
 ParOldGen       total 68608K, used 14334K [0x0000000780000000, 0x0000000784300000, 0x00000007d5580000)
  object space 68608K, 20% used [0x0000000780000000,0x0000000780dffac8,0x0000000784300000)
 Metaspace       used 20591K, committed 21504K, reserved 1114112K
  class space    used 2201K, committed 2624K, reserved 1048576K
}
Event: 34.552 GC heap before
{Heap before GC invocations=9 (full 1):
 PSYoungGen      total 30208K, used 24576K [0x00000007d5580000, 0x00000007d7880000, 0x0000000800000000)
  eden space 24576K, 100% used [0x00000007d5580000,0x00000007d6d80000,0x00000007d6d80000)
  from space 5632K, 0% used [0x00000007d6d80000,0x00000007d6d80000,0x00000007d7300000)
  to   space 5632K, 0% used [0x00000007d7300000,0x00000007d7300000,0x00000007d7880000)
 ParOldGen       total 68608K, used 14334K [0x0000000780000000, 0x0000000784300000, 0x00000007d5580000)
  object space 68608K, 20% used [0x0000000780000000,0x0000000780dffac8,0x0000000784300000)
 Metaspace       used 22911K, committed 23808K, reserved 1114112K
  class space    used 2385K, committed 2752K, reserved 1048576K
}
Event: 34.554 GC heap after
{Heap after GC invocations=9 (full 1):
 PSYoungGen      total 25088K, used 550K [0x00000007d5580000, 0x00000007d7400000, 0x0000000800000000)
  eden space 24064K, 0% used [0x00000007d5580000,0x00000007d5580000,0x00000007d6d00000)
  from space 1024K, 53% used [0x00000007d7300000,0x00000007d7389880,0x00000007d7400000)
  to   space 2560K, 0% used [0x00000007d6f00000,0x00000007d6f00000,0x00000007d7180000)
 ParOldGen       total 68608K, used 14342K [0x0000000780000000, 0x0000000784300000, 0x00000007d5580000)
  object space 68608K, 20% used [0x0000000780000000,0x0000000780e01ac8,0x0000000784300000)
 Metaspace       used 22911K, committed 23808K, reserved 1114112K
  class space    used 2385K, committed 2752K, reserved 1048576K
}
Event: 35.920 GC heap before
{Heap before GC invocations=10 (full 1):
 PSYoungGen      total 25088K, used 24614K [0x00000007d5580000, 0x00000007d7400000, 0x0000000800000000)
  eden space 24064K, 100% used [0x00000007d5580000,0x00000007d6d00000,0x00000007d6d00000)
  from space 1024K, 53% used [0x00000007d7300000,0x00000007d7389880,0x00000007d7400000)
  to   space 2560K, 0% used [0x00000007d6f00000,0x00000007d6f00000,0x00000007d7180000)
 ParOldGen       total 68608K, used 14342K [0x0000000780000000, 0x0000000784300000, 0x00000007d5580000)
  object space 68608K, 20% used [0x0000000780000000,0x0000000780e01ac8,0x0000000784300000)
 Metaspace       used 26598K, committed 27520K, reserved 1114112K
  class space    used 2771K, committed 3136K, reserved 1048576K
}
Event: 35.921 GC heap after
{Heap after GC invocations=10 (full 1):
 PSYoungGen      total 26112K, used 704K [0x00000007d5580000, 0x00000007d7380000, 0x0000000800000000)
  eden space 23552K, 0% used [0x00000007d5580000,0x00000007d5580000,0x00000007d6c80000)
  from space 2560K, 27% used [0x00000007d6f00000,0x00000007d6fb0000,0x00000007d7180000)
  to   space 1024K, 0% used [0x00000007d7280000,0x00000007d7280000,0x00000007d7380000)
 ParOldGen       total 68608K, used 14342K [0x0000000780000000, 0x0000000784300000, 0x00000007d5580000)
  object space 68608K, 20% used [0x0000000780000000,0x0000000780e01ac8,0x0000000784300000)
 Metaspace       used 26598K, committed 27520K, reserved 1114112K
  class space    used 2771K, committed 3136K, reserved 1048576K
}
Event: 37.014 GC heap before
{Heap before GC invocations=11 (full 1):
 PSYoungGen      total 26112K, used 24256K [0x00000007d5580000, 0x00000007d7380000, 0x0000000800000000)
  eden space 23552K, 100% used [0x00000007d5580000,0x00000007d6c80000,0x00000007d6c80000)
  from space 2560K, 27% used [0x00000007d6f00000,0x00000007d6fb0000,0x00000007d7180000)
  to   space 1024K, 0% used [0x00000007d7280000,0x00000007d7280000,0x00000007d7380000)
 ParOldGen       total 68608K, used 14342K [0x0000000780000000, 0x0000000784300000, 0x00000007d5580000)
  object space 68608K, 20% used [0x0000000780000000,0x0000000780e01ac8,0x0000000784300000)
 Metaspace       used 28470K, committed 29248K, reserved 1114112K
  class space    used 2939K, committed 3264K, reserved 1048576K
}
Event: 37.032 GC heap after
{Heap after GC invocations=11 (full 1):
 PSYoungGen      total 24064K, used 1000K [0x00000007d5580000, 0x00000007d7380000, 0x0000000800000000)
  eden space 23040K, 0% used [0x00000007d5580000,0x00000007d5580000,0x00000007d6c00000)
  from space 1024K, 97% used [0x00000007d7280000,0x00000007d737a190,0x00000007d7380000)
  to   space 3072K, 0% used [0x00000007d6d80000,0x00000007d6d80000,0x00000007d7080000)
 ParOldGen       total 68608K, used 16056K [0x0000000780000000, 0x0000000784300000, 0x00000007d5580000)
  object space 68608K, 23% used [0x0000000780000000,0x0000000780fae088,0x0000000784300000)
 Metaspace       used 28470K, committed 29248K, reserved 1114112K
  class space    used 2939K, committed 3264K, reserved 1048576K
}
Event: 38.227 GC heap before
{Heap before GC invocations=12 (full 1):
 PSYoungGen      total 24064K, used 24040K [0x00000007d5580000, 0x00000007d7380000, 0x0000000800000000)
  eden space 23040K, 100% used [0x00000007d5580000,0x00000007d6c00000,0x00000007d6c00000)
  from space 1024K, 97% used [0x00000007d7280000,0x00000007d737a190,0x00000007d7380000)
  to   space 3072K, 0% used [0x00000007d6d80000,0x00000007d6d80000,0x00000007d7080000)
 ParOldGen       total 68608K, used 16056K [0x0000000780000000, 0x0000000784300000, 0x00000007d5580000)
  object space 68608K, 23% used [0x0000000780000000,0x0000000780fae088,0x0000000784300000)
 Metaspace       used 29998K, committed 30848K, reserved 1114112K
  class space    used 3103K, committed 3456K, reserved 1048576K
}
Event: 38.239 GC heap after
{Heap after GC invocations=12 (full 1):
 PSYoungGen      total 25600K, used 928K [0x00000007d5580000, 0x00000007d7300000, 0x0000000800000000)
  eden space 22528K, 0% used [0x00000007d5580000,0x00000007d5580000,0x00000007d6b80000)
  from space 3072K, 30% used [0x00000007d6d80000,0x00000007d6e68000,0x00000007d7080000)
  to   space 2048K, 0% used [0x00000007d7100000,0x00000007d7100000,0x00000007d7300000)
 ParOldGen       total 68608K, used 17076K [0x0000000780000000, 0x0000000784300000, 0x00000007d5580000)
  object space 68608K, 24% used [0x0000000780000000,0x00000007810ad178,0x0000000784300000)
 Metaspace       used 29998K, committed 30848K, reserved 1114112K
  class space    used 3103K, committed 3456K, reserved 1048576K
}
Event: 39.503 GC heap before
{Heap before GC invocations=13 (full 1):
 PSYoungGen      total 25600K, used 23456K [0x00000007d5580000, 0x00000007d7300000, 0x0000000800000000)
  eden space 22528K, 100% used [0x00000007d5580000,0x00000007d6b80000,0x00000007d6b80000)
  from space 3072K, 30% used [0x00000007d6d80000,0x00000007d6e68000,0x00000007d7080000)
  to   space 2048K, 0% used [0x00000007d7100000,0x00000007d7100000,0x00000007d7300000)
 ParOldGen       total 68608K, used 17076K [0x0000000780000000, 0x0000000784300000, 0x00000007d5580000)
  object space 68608K, 24% used [0x0000000780000000,0x00000007810ad178,0x0000000784300000)
 Metaspace       used 32338K, committed 33344K, reserved 1114112K
  class space    used 3367K, committed 3776K, reserved 1048576K
}
Event: 39.506 GC heap after
{Heap after GC invocations=13 (full 1):
 PSYoungGen      total 23552K, used 1332K [0x00000007d5580000, 0x00000007d7280000, 0x0000000800000000)
  eden space 22016K, 0% used [0x00000007d5580000,0x00000007d5580000,0x00000007d6b00000)
  from space 1536K, 86% used [0x00000007d7100000,0x00000007d724d0a0,0x00000007d7280000)
  to   space 1536K, 0% used [0x00000007d6f80000,0x00000007d6f80000,0x00000007d7100000)
 ParOldGen       total 68608K, used 17900K [0x0000000780000000, 0x0000000784300000, 0x00000007d5580000)
  object space 68608K, 26% used [0x0000000780000000,0x000000078117b1c8,0x0000000784300000)
 Metaspace       used 32338K, committed 33344K, reserved 1114112K
  class space    used 3367K, committed 3776K, reserved 1048576K
}
Event: 40.699 GC heap before
{Heap before GC invocations=14 (full 1):
 PSYoungGen      total 23552K, used 21181K [0x00000007d5580000, 0x00000007d7280000, 0x0000000800000000)
  eden space 22016K, 90% used [0x00000007d5580000,0x00000007d68e25c0,0x00000007d6b00000)
  from space 1536K, 86% used [0x00000007d7100000,0x00000007d724d0a0,0x00000007d7280000)
  to   space 1536K, 0% used [0x00000007d6f80000,0x00000007d6f80000,0x00000007d7100000)
 ParOldGen       total 68608K, used 17900K [0x0000000780000000, 0x0000000784300000, 0x00000007d5580000)
  object space 68608K, 26% used [0x0000000780000000,0x000000078117b1c8,0x0000000784300000)
 Metaspace       used 34781K, committed 35840K, reserved 1114112K
  class space    used 3656K, committed 4096K, reserved 1048576K
}
Event: 40.715 GC heap after
{Heap after GC invocations=14 (full 1):
 PSYoungGen      total 23552K, used 1528K [0x00000007d5580000, 0x00000007d7180000, 0x0000000800000000)
  eden space 22016K, 0% used [0x00000007d5580000,0x00000007d5580000,0x00000007d6b00000)
  from space 1536K, 99% used [0x00000007d6f80000,0x00000007d70fe2d8,0x00000007d7100000)
  to   space 512K, 0% used [0x00000007d7100000,0x00000007d7100000,0x00000007d7180000)
 ParOldGen       total 68608K, used 19116K [0x0000000780000000, 0x0000000784300000, 0x00000007d5580000)
  object space 68608K, 27% used [0x0000000780000000,0x00000007812ab050,0x0000000784300000)
 Metaspace       used 34781K, committed 35840K, reserved 1114112K
  class space    used 3656K, committed 4096K, reserved 1048576K
}
Event: 40.715 GC heap before
{Heap before GC invocations=15 (full 2):
 PSYoungGen      total 23552K, used 1528K [0x00000007d5580000, 0x00000007d7180000, 0x0000000800000000)
  eden space 22016K, 0% used [0x00000007d5580000,0x00000007d5580000,0x00000007d6b00000)
  from space 1536K, 99% used [0x00000007d6f80000,0x00000007d70fe2d8,0x00000007d7100000)
  to   space 512K, 0% used [0x00000007d7100000,0x00000007d7100000,0x00000007d7180000)
 ParOldGen       total 68608K, used 19116K [0x0000000780000000, 0x0000000784300000, 0x00000007d5580000)
  object space 68608K, 27% used [0x0000000780000000,0x00000007812ab050,0x0000000784300000)
 Metaspace       used 34781K, committed 35840K, reserved 1114112K
  class space    used 3656K, committed 4096K, reserved 1048576K
}
Event: 40.881 GC heap after
{Heap after GC invocations=15 (full 2):
 PSYoungGen      total 23552K, used 0K [0x00000007d5580000, 0x00000007d7180000, 0x0000000800000000)
  eden space 22016K, 0% used [0x00000007d5580000,0x00000007d5580000,0x00000007d6b00000)
  from space 1536K, 0% used [0x00000007d6f80000,0x00000007d6f80000,0x00000007d7100000)
  to   space 512K, 0% used [0x00000007d7100000,0x00000007d7100000,0x00000007d7180000)
 ParOldGen       total 68608K, used 19480K [0x0000000780000000, 0x0000000784300000, 0x00000007d5580000)
  object space 68608K, 28% used [0x0000000780000000,0x00000007813063a8,0x0000000784300000)
 Metaspace       used 34781K, committed 35840K, reserved 1114112K
  class space    used 3656K, committed 4096K, reserved 1048576K
}

