# JRE version: OpenJDK Runtime Environment Temurin-21.0.10+7 (21.0.10+7) (build 21.0.10+7-LTS)
# Java VM: OpenJDK 64-Bit Server VM Temurin-21.0.10+7 (21.0.10+7-LTS, mixed mode, sharing, tiered, compressed oops, compressed class ptrs, parallel gc, bsd-amd64)
Heap:
 PSYoungGen      total 27136K, used 26741K [0x00000007d5580000, 0x00000007d7480000, 0x0000000800000000)
  eden space 24064K, 98% used [0x00000007d5580000,0x00000007d6cb0ad0,0x00000007d6d00000)
  from space 3072K, 97% used [0x00000007d7180000,0x00000007d746cbb0,0x00000007d7480000)
  to   space 3584K, 0% used [0x00000007d6d80000,0x00000007d6d80000,0x00000007d7100000)
 ParOldGen       total 68608K, used 10943K [0x0000000780000000, 0x0000000784300000, 0x00000007d5580000)
  object space 68608K, 15% used [0x0000000780000000,0x0000000780aaff40,0x0000000784300000)
 Metaspace       used 29669K, committed 30528K, reserved 1114112K
  class space    used 2976K, committed 3392K, reserved 1048576K
GC Heap History (18 events):
Event: 26.188 GC heap before
{Heap before GC invocations=1 (full 0):
 PSYoungGen      total 29696K, used 25600K [0x00000007d5580000, 0x00000007d7680000, 0x0000000800000000)
  eden space 25600K, 100% used [0x00000007d5580000,0x00000007d6e80000,0x00000007d6e80000)
  from space 4096K, 0% used [0x00000007d7280000,0x00000007d7280000,0x00000007d7680000)
  to   space 4096K, 0% used [0x00000007d6e80000,0x00000007d6e80000,0x00000007d7280000)
 ParOldGen       total 68608K, used 1047K [0x0000000780000000, 0x0000000784300000, 0x00000007d5580000)
  object space 68608K, 1% used [0x0000000780000000,0x0000000780105e60,0x0000000784300000)
 Metaspace       used 4429K, committed 4672K, reserved 1114112K
  class space    used 482K, committed 576K, reserved 1048576K
}
Event: 26.209 GC heap after
{Heap after GC invocations=1 (full 0):
 PSYoungGen      total 29696K, used 2896K [0x00000007d5580000, 0x00000007d7680000, 0x0000000800000000)
  eden space 25600K, 0% used [0x00000007d5580000,0x00000007d5580000,0x00000007d6e80000)
  from space 4096K, 70% used [0x00000007d6e80000,0x00000007d7154148,0x00000007d7280000)
  to   space 4096K, 0% used [0x00000007d7280000,0x00000007d7280000,0x00000007d7680000)
 ParOldGen       total 68608K, used 1055K [0x0000000780000000, 0x0000000784300000, 0x00000007d5580000)
  object space 68608K, 1% used [0x0000000780000000,0x0000000780107e60,0x0000000784300000)
 Metaspace       used 4429K, committed 4672K, reserved 1114112K
  class space    used 482K, committed 576K, reserved 1048576K
}
Event: 42.722 GC heap before
{Heap before GC invocations=2 (full 0):
 PSYoungGen      total 29696K, used 28496K [0x00000007d5580000, 0x00000007d7680000, 0x0000000800000000)
  eden space 25600K, 100% used [0x00000007d5580000,0x00000007d6e80000,0x00000007d6e80000)
  from space 4096K, 70% used [0x00000007d6e80000,0x00000007d7154148,0x00000007d7280000)
  to   space 4096K, 0% used [0x00000007d7280000,0x00000007d7280000,0x00000007d7680000)
 ParOldGen       total 68608K, used 1055K [0x0000000780000000, 0x0000000784300000, 0x00000007d5580000)
  object space 68608K, 1% used [0x0000000780000000,0x0000000780107e60,0x0000000784300000)
 Metaspace       used 8093K, committed 8384K, reserved 1114112K
  class space    used 869K, committed 960K, reserved 1048576K
}
Event: 42.744 GC heap after
{Heap after GC invocations=2 (full 0):
 PSYoungGen      total 29696K, used 4071K [0x00000007d5580000, 0x00000007d7680000, 0x0000000800000000)
  eden space 25600K, 0% used [0x00000007d5580000,0x00000007d5580000,0x00000007d6e80000)
  from space 4096K, 99% used [0x00000007d7280000,0x00000007d7679e98,0x00000007d7680000)
  to   space 4096K, 0% used [0x00000007d6e80000,0x00000007d6e80000,0x00000007d7280000)
 ParOldGen       total 68608K, used 1765K [0x0000000780000000, 0x0000000784300000, 0x00000007d5580000)
  object space 68608K, 2% used [0x0000000780000000,0x00000007801b9690,0x0000000784300000)
 Metaspace       used 8093K, committed 8384K, reserved 1114112K
  class space    used 869K, committed 960K, reserved 1048576K
}
Event: 53.177 GC heap before
{Heap before GC invocations=3 (full 0):
 PSYoungGen      total 29696K, used 29671K [0x00000007d5580000, 0x00000007d7680000, 0x0000000800000000)
  eden space 25600K, 100% used [0x00000007d5580000,0x00000007d6e80000,0x00000007d6e80000)
  from space 4096K, 99% used [0x00000007d7280000,0x00000007d7679e98,0x00000007d7680000)
  to   space 4096K, 0% used [0x00000007d6e80000,0x00000007d6e80000,0x00000007d7280000)
 ParOldGen       total 68608K, used 1765K [0x0000000780000000, 0x0000000784300000, 0x00000007d5580000)
  object space 68608K, 2% used [0x0000000780000000,0x00000007801b9690,0x0000000784300000)
 Metaspace       used 12847K, committed 13376K, reserved 1114112K
  class space    used 1371K, committed 1600K, reserved 1048576K
}
Event: 53.202 GC heap after
{Heap after GC invocations=3 (full 0):
 PSYoungGen      total 29696K, used 4092K [0x00000007d5580000, 0x00000007d7680000, 0x0000000800000000)
  eden space 25600K, 0% used [0x00000007d5580000,0x00000007d5580000,0x00000007d6e80000)
  from space 4096K, 99% used [0x00000007d6e80000,0x00000007d727f250,0x00000007d7280000)
  to   space 4096K, 0% used [0x00000007d7280000,0x00000007d7280000,0x00000007d7680000)
 ParOldGen       total 68608K, used 3464K [0x0000000780000000, 0x0000000784300000, 0x00000007d5580000)
  object space 68608K, 5% used [0x0000000780000000,0x00000007803621c0,0x0000000784300000)
 Metaspace       used 12847K, committed 13376K, reserved 1114112K
  class space    used 1371K, committed 1600K, reserved 1048576K
}
Event: 61.847 GC heap before
{Heap before GC invocations=4 (full 0):
 PSYoungGen      total 29696K, used 29634K [0x00000007d5580000, 0x00000007d7680000, 0x0000000800000000)
  eden space 25600K, 99% used [0x00000007d5580000,0x00000007d6e71728,0x00000007d6e80000)
  from space 4096K, 99% used [0x00000007d6e80000,0x00000007d727f250,0x00000007d7280000)
  to   space 4096K, 0% used [0x00000007d7280000,0x00000007d7280000,0x00000007d7680000)
 ParOldGen       total 68608K, used 3464K [0x0000000780000000, 0x0000000784300000, 0x00000007d5580000)
  object space 68608K, 5% used [0x0000000780000000,0x00000007803621c0,0x0000000784300000)
 Metaspace       used 16502K, committed 17152K, reserved 1114112K
  class space    used 1725K, committed 2048K, reserved 1048576K
}
Event: 61.885 GC heap after
{Heap after GC invocations=4 (full 0):
 PSYoungGen      total 29696K, used 4070K [0x00000007d5580000, 0x00000007d7680000, 0x0000000800000000)
  eden space 25600K, 0% used [0x00000007d5580000,0x00000007d5580000,0x00000007d6e80000)
  from space 4096K, 99% used [0x00000007d7280000,0x00000007d7679808,0x00000007d7680000)
  to   space 4096K, 0% used [0x00000007d6e80000,0x00000007d6e80000,0x00000007d7280000)
 ParOldGen       total 68608K, used 6733K [0x0000000780000000, 0x0000000784300000, 0x00000007d5580000)
  object space 68608K, 9% used [0x0000000780000000,0x0000000780693608,0x0000000784300000)
 Metaspace       used 16502K, committed 17152K, reserved 1114112K
  class space    used 1725K, committed 2048K, reserved 1048576K
}
Event: 65.626 GC heap before
{Heap before GC invocations=5 (full 0):
 PSYoungGen      total 29696K, used 29481K [0x00000007d5580000, 0x00000007d7680000, 0x0000000800000000)
  eden space 25600K, 99% used [0x00000007d5580000,0x00000007d6e50e60,0x00000007d6e80000)
  from space 4096K, 99% used [0x00000007d7280000,0x00000007d7679808,0x00000007d7680000)
  to   space 4096K, 0% used [0x00000007d6e80000,0x00000007d6e80000,0x00000007d7280000)
 ParOldGen       total 68608K, used 6733K [0x0000000780000000, 0x0000000784300000, 0x00000007d5580000)
  object space 68608K, 9% used [0x0000000780000000,0x0000000780693608,0x0000000784300000)
 Metaspace       used 19889K, committed 20544K, reserved 1114112K
  class space    used 1973K, committed 2304K, reserved 1048576K
}
Event: 65.642 GC heap after
{Heap after GC invocations=5 (full 0):
 PSYoungGen      total 29184K, used 4085K [0x00000007d5580000, 0x00000007d7b00000, 0x0000000800000000)
  eden space 25088K, 0% used [0x00000007d5580000,0x00000007d5580000,0x00000007d6e00000)
  from space 4096K, 99% used [0x00000007d6e80000,0x00000007d727d500,0x00000007d7280000)
  to   space 6656K, 0% used [0x00000007d7480000,0x00000007d7480000,0x00000007d7b00000)
 ParOldGen       total 68608K, used 8582K [0x0000000780000000, 0x0000000784300000, 0x00000007d5580000)
  object space 68608K, 12% used [0x0000000780000000,0x0000000780861a10,0x0000000784300000)
 Metaspace       used 19889K, committed 20544K, reserved 1114112K
  class space    used 1973K, committed 2304K, reserved 1048576K
}
Event: 66.535 GC heap before
{Heap before GC invocations=6 (full 0):
 PSYoungGen      total 29184K, used 11602K [0x00000007d5580000, 0x00000007d7b00000, 0x0000000800000000)
  eden space 25088K, 29% used [0x00000007d5580000,0x00000007d5cd76e0,0x00000007d6e00000)
  from space 4096K, 99% used [0x00000007d6e80000,0x00000007d727d500,0x00000007d7280000)
  to   space 6656K, 0% used [0x00000007d7480000,0x00000007d7480000,0x00000007d7b00000)
 ParOldGen       total 68608K, used 8582K [0x0000000780000000, 0x0000000784300000, 0x00000007d5580000)
  object space 68608K, 12% used [0x0000000780000000,0x0000000780861a10,0x0000000784300000)
 Metaspace       used 20855K, committed 21504K, reserved 1114112K
  class space    used 2036K, committed 2368K, reserved 1048576K
}
Event: 66.581 GC heap after
{Heap after GC invocations=6 (full 0):
 PSYoungGen      total 31232K, used 5961K [0x00000007d5580000, 0x00000007d7a80000, 0x0000000800000000)
  eden space 25088K, 0% used [0x00000007d5580000,0x00000007d5580000,0x00000007d6e00000)
  from space 6144K, 97% used [0x00000007d7480000,0x00000007d7a52508,0x00000007d7a80000)
  to   space 6144K, 0% used [0x00000007d6e80000,0x00000007d6e80000,0x00000007d7480000)
 ParOldGen       total 68608K, used 8590K [0x0000000780000000, 0x0000000784300000, 0x00000007d5580000)
  object space 68608K, 12% used [0x0000000780000000,0x0000000780863a10,0x0000000784300000)
 Metaspace       used 20855K, committed 21504K, reserved 1114112K
  class space    used 2036K, committed 2368K, reserved 1048576K
}
Event: 66.581 GC heap before
{Heap before GC invocations=7 (full 1):
 PSYoungGen      total 31232K, used 5961K [0x00000007d5580000, 0x00000007d7a80000, 0x0000000800000000)
  eden space 25088K, 0% used [0x00000007d5580000,0x00000007d5580000,0x00000007d6e00000)
  from space 6144K, 97% used [0x00000007d7480000,0x00000007d7a52508,0x00000007d7a80000)
  to   space 6144K, 0% used [0x00000007d6e80000,0x00000007d6e80000,0x00000007d7480000)
 ParOldGen       total 68608K, used 8590K [0x0000000780000000, 0x0000000784300000, 0x00000007d5580000)
  object space 68608K, 12% used [0x0000000780000000,0x0000000780863a10,0x0000000784300000)
 Metaspace       used 20855K, committed 21504K, reserved 1114112K
  class space    used 2036K, committed 2368K, reserved 1048576K
}
Event: 67.193 GC heap after
{Heap after GC invocations=7 (full 1):
 PSYoungGen      total 31232K, used 0K [0x00000007d5580000, 0x00000007d7a80000, 0x0000000800000000)
  eden space 25088K, 0% used [0x00000007d5580000,0x00000007d5580000,0x00000007d6e00000)
  from space 6144K, 0% used [0x00000007d7480000,0x00000007d7480000,0x00000007d7a80000)
  to   space 6144K, 0% used [0x00000007d6e80000,0x00000007d6e80000,0x00000007d7480000)
 ParOldGen       total 68608K, used 10927K [0x0000000780000000, 0x0000000784300000, 0x00000007d5580000)
  object space 68608K, 15% used [0x0000000780000000,0x0000000780aabf40,0x0000000784300000)
 Metaspace       used 20842K, committed 21504K, reserved 1114112K
  class space    used 2033K, committed 2368K, reserved 1048576K
}
Event: 72.019 GC heap before
{Heap before GC invocations=8 (full 1):
 PSYoungGen      total 31232K, used 25088K [0x00000007d5580000, 0x00000007d7a80000, 0x0000000800000000)
  eden space 25088K, 100% used [0x00000007d5580000,0x00000007d6e00000,0x00000007d6e00000)
  from space 6144K, 0% used [0x00000007d7480000,0x00000007d7480000,0x00000007d7a80000)
  to   space 6144K, 0% used [0x00000007d6e80000,0x00000007d6e80000,0x00000007d7480000)
 ParOldGen       total 68608K, used 10927K [0x0000000780000000, 0x0000000784300000, 0x00000007d5580000)
  object space 68608K, 15% used [0x0000000780000000,0x0000000780aabf40,0x0000000784300000)
 Metaspace       used 22787K, committed 23424K, reserved 1114112K
  class space    used 2198K, committed 2496K, reserved 1048576K
}
Event: 72.038 GC heap after
{Heap after GC invocations=8 (full 1):
 PSYoungGen      total 26624K, used 1645K [0x00000007d5580000, 0x00000007d7500000, 0x0000000800000000)
  eden space 24576K, 0% used [0x00000007d5580000,0x00000007d5580000,0x00000007d6d80000)
  from space 2048K, 80% used [0x00000007d6e80000,0x00000007d701b670,0x00000007d7080000)
  to   space 3584K, 0% used [0x00000007d7180000,0x00000007d7180000,0x00000007d7500000)
 ParOldGen       total 68608K, used 10935K [0x0000000780000000, 0x0000000784300000, 0x00000007d5580000)
  object space 68608K, 15% used [0x0000000780000000,0x0000000780aadf40,0x0000000784300000)
 Metaspace       used 22787K, committed 23424K, reserved 1114112K
  class space    used 2198K, committed 2496K, reserved 1048576K
}
Event: 79.939 GC heap before
{Heap before GC invocations=9 (full 1):
 PSYoungGen      total 26624K, used 26220K [0x00000007d5580000, 0x00000007d7500000, 0x0000000800000000)
  eden space 24576K, 99% used [0x00000007d5580000,0x00000007d6d7fc88,0x00000007d6d80000)
  from space 2048K, 80% used [0x00000007d6e80000,0x00000007d701b670,0x00000007d7080000)
  to   space 3584K, 0% used [0x00000007d7180000,0x00000007d7180000,0x00000007d7500000)
 ParOldGen       total 68608K, used 10935K [0x0000000780000000, 0x0000000784300000, 0x00000007d5580000)
  object space 68608K, 15% used [0x0000000780000000,0x0000000780aadf40,0x0000000784300000)
 Metaspace       used 26889K, committed 27648K, reserved 1114112K
  class space    used 2664K, committed 3008K, reserved 1048576K
}
Event: 79.963 GC heap after
{Heap after GC invocations=9 (full 1):
 PSYoungGen      total 27136K, used 2994K [0x00000007d5580000, 0x00000007d7480000, 0x0000000800000000)
  eden space 24064K, 0% used [0x00000007d5580000,0x00000007d5580000,0x00000007d6d00000)
  from space 3072K, 97% used [0x00000007d7180000,0x00000007d746cbb0,0x00000007d7480000)
  to   space 3584K, 0% used [0x00000007d6d80000,0x00000007d6d80000,0x00000007d7100000)
 ParOldGen       total 68608K, used 10943K [0x0000000780000000, 0x0000000784300000, 0x00000007d5580000)
  object space 68608K, 15% used [0x0000000780000000,0x0000000780aaff40,0x0000000784300000)
 Metaspace       used 26889K, committed 27648K, reserved 1114112K
  class space    used 2664K, committed 3008K, reserved 1048576K
}

