# JRE version: OpenJDK Runtime Environment Temurin-21.0.9+10 (21.0.9+10) (build 21.0.9+10-LTS)
# Java VM: OpenJDK 64-Bit Server VM Temurin-21.0.9+10 (21.0.9+10-LTS, mixed mode, sharing, tiered, compressed oops, compressed class ptrs, parallel gc, bsd-amd64)
Heap:
 PSYoungGen      total 23552K, used 4632K [0x00000007d5580000, 0x00000007d7180000, 0x0000000800000000)
  eden space 22528K, 16% used [0x00000007d5580000,0x00000007d590ec58,0x00000007d6b80000)
  from space 1024K, 96% used [0x00000007d6d80000,0x00000007d6e77620,0x00000007d6e80000)
  to   space 1536K, 0% used [0x00000007d7000000,0x00000007d7000000,0x00000007d7180000)
 ParOldGen       total 68608K, used 16772K [0x0000000780000000, 0x0000000784300000, 0x00000007d5580000)
  object space 68608K, 24% used [0x0000000780000000,0x0000000781061030,0x0000000784300000)
 Metaspace       used 30526K, committed 31424K, reserved 1114112K
  class space    used 3149K, committed 3584K, reserved 1048576K
GC Heap History (20 events):
Event: 11.461 GC heap before
{Heap before GC invocations=2 (full 0):
 PSYoungGen      total 29696K, used 28467K [0x00000007d5580000, 0x00000007d7680000, 0x0000000800000000)
  eden space 25600K, 99% used [0x00000007d5580000,0x00000007d6e77078,0x00000007d6e80000)
  from space 4096K, 70% used [0x00000007d6e80000,0x00000007d7155e88,0x00000007d7280000)
  to   space 4096K, 0% used [0x00000007d7280000,0x00000007d7280000,0x00000007d7680000)
 ParOldGen       total 68608K, used 1055K [0x0000000780000000, 0x0000000784300000, 0x00000007d5580000)
  object space 68608K, 1% used [0x0000000780000000,0x0000000780107fc8,0x0000000784300000)
 Metaspace       used 7894K, committed 8128K, reserved 1114112K
  class space    used 840K, committed 960K, reserved 1048576K
}
Event: 11.475 GC heap after
{Heap after GC invocations=2 (full 0):
 PSYoungGen      total 29696K, used 4085K [0x00000007d5580000, 0x00000007d7680000, 0x0000000800000000)
  eden space 25600K, 0% used [0x00000007d5580000,0x00000007d5580000,0x00000007d6e80000)
  from space 4096K, 99% used [0x00000007d7280000,0x00000007d767d480,0x00000007d7680000)
  to   space 4096K, 0% used [0x00000007d6e80000,0x00000007d6e80000,0x00000007d7280000)
 ParOldGen       total 68608K, used 2799K [0x0000000780000000, 0x0000000784300000, 0x00000007d5580000)
  object space 68608K, 4% used [0x0000000780000000,0x00000007802bbc38,0x0000000784300000)
 Metaspace       used 7894K, committed 8128K, reserved 1114112K
  class space    used 840K, committed 960K, reserved 1048576K
}
Event: 14.828 GC heap before
{Heap before GC invocations=3 (full 0):
 PSYoungGen      total 29696K, used 29632K [0x00000007d5580000, 0x00000007d7680000, 0x0000000800000000)
  eden space 25600K, 99% used [0x00000007d5580000,0x00000007d6e72d58,0x00000007d6e80000)
  from space 4096K, 99% used [0x00000007d7280000,0x00000007d767d480,0x00000007d7680000)
  to   space 4096K, 0% used [0x00000007d6e80000,0x00000007d6e80000,0x00000007d7280000)
 ParOldGen       total 68608K, used 2799K [0x0000000780000000, 0x0000000784300000, 0x00000007d5580000)
  object space 68608K, 4% used [0x0000000780000000,0x00000007802bbc38,0x0000000784300000)
 Metaspace       used 9305K, committed 9664K, reserved 1114112K
  class space    used 1007K, committed 1152K, reserved 1048576K
}
Event: 14.855 GC heap after
{Heap after GC invocations=3 (full 0):
 PSYoungGen      total 29696K, used 4071K [0x00000007d5580000, 0x00000007d7680000, 0x0000000800000000)
  eden space 25600K, 0% used [0x00000007d5580000,0x00000007d5580000,0x00000007d6e80000)
  from space 4096K, 99% used [0x00000007d6e80000,0x00000007d7279f08,0x00000007d7280000)
  to   space 4096K, 0% used [0x00000007d7280000,0x00000007d7280000,0x00000007d7680000)
 ParOldGen       total 68608K, used 6068K [0x0000000780000000, 0x0000000784300000, 0x00000007d5580000)
  object space 68608K, 8% used [0x0000000780000000,0x00000007805ed190,0x0000000784300000)
 Metaspace       used 9305K, committed 9664K, reserved 1114112K
  class space    used 1007K, committed 1152K, reserved 1048576K
}
Event: 18.578 GC heap before
{Heap before GC invocations=4 (full 0):
 PSYoungGen      total 29696K, used 29671K [0x00000007d5580000, 0x00000007d7680000, 0x0000000800000000)
  eden space 25600K, 100% used [0x00000007d5580000,0x00000007d6e80000,0x00000007d6e80000)
  from space 4096K, 99% used [0x00000007d6e80000,0x00000007d7279f08,0x00000007d7280000)
  to   space 4096K, 0% used [0x00000007d7280000,0x00000007d7280000,0x00000007d7680000)
 ParOldGen       total 68608K, used 6068K [0x0000000780000000, 0x0000000784300000, 0x00000007d5580000)
  object space 68608K, 8% used [0x0000000780000000,0x00000007805ed190,0x0000000784300000)
 Metaspace       used 11645K, committed 12032K, reserved 1114112K
  class space    used 1250K, committed 1408K, reserved 1048576K
}
Event: 18.593 GC heap after
{Heap after GC invocations=4 (full 0):
 PSYoungGen      total 29696K, used 4091K [0x00000007d5580000, 0x00000007d7680000, 0x0000000800000000)
  eden space 25600K, 0% used [0x00000007d5580000,0x00000007d5580000,0x00000007d6e80000)
  from space 4096K, 99% used [0x00000007d7280000,0x00000007d767ec20,0x00000007d7680000)
  to   space 4096K, 0% used [0x00000007d6e80000,0x00000007d6e80000,0x00000007d7280000)
 ParOldGen       total 68608K, used 7134K [0x0000000780000000, 0x0000000784300000, 0x00000007d5580000)
  object space 68608K, 10% used [0x0000000780000000,0x00000007806f7838,0x0000000784300000)
 Metaspace       used 11645K, committed 12032K, reserved 1114112K
  class space    used 1250K, committed 1408K, reserved 1048576K
}
Event: 21.538 GC heap before
{Heap before GC invocations=5 (full 0):
 PSYoungGen      total 29696K, used 29691K [0x00000007d5580000, 0x00000007d7680000, 0x0000000800000000)
  eden space 25600K, 100% used [0x00000007d5580000,0x00000007d6e80000,0x00000007d6e80000)
  from space 4096K, 99% used [0x00000007d7280000,0x00000007d767ec20,0x00000007d7680000)
  to   space 4096K, 0% used [0x00000007d6e80000,0x00000007d6e80000,0x00000007d7280000)
 ParOldGen       total 68608K, used 7134K [0x0000000780000000, 0x0000000784300000, 0x00000007d5580000)
  object space 68608K, 10% used [0x0000000780000000,0x00000007806f7838,0x0000000784300000)
 Metaspace       used 15511K, committed 16128K, reserved 1114112K
  class space    used 1625K, committed 1920K, reserved 1048576K
}
Event: 21.555 GC heap after
{Heap after GC invocations=5 (full 0):
 PSYoungGen      total 29184K, used 4084K [0x00000007d5580000, 0x00000007d7a00000, 0x0000000800000000)
  eden space 25088K, 0% used [0x00000007d5580000,0x00000007d5580000,0x00000007d6e00000)
  from space 4096K, 99% used [0x00000007d6e80000,0x00000007d727d048,0x00000007d7280000)
  to   space 6144K, 0% used [0x00000007d7400000,0x00000007d7400000,0x00000007d7a00000)
 ParOldGen       total 68608K, used 9002K [0x0000000780000000, 0x0000000784300000, 0x00000007d5580000)
  object space 68608K, 13% used [0x0000000780000000,0x00000007808ca938,0x0000000784300000)
 Metaspace       used 15511K, committed 16128K, reserved 1114112K
  class space    used 1625K, committed 1920K, reserved 1048576K
}
Event: 23.578 GC heap before
{Heap before GC invocations=6 (full 0):
 PSYoungGen      total 29184K, used 29172K [0x00000007d5580000, 0x00000007d7a00000, 0x0000000800000000)
  eden space 25088K, 100% used [0x00000007d5580000,0x00000007d6e00000,0x00000007d6e00000)
  from space 4096K, 99% used [0x00000007d6e80000,0x00000007d727d048,0x00000007d7280000)
  to   space 6144K, 0% used [0x00000007d7400000,0x00000007d7400000,0x00000007d7a00000)
 ParOldGen       total 68608K, used 9002K [0x0000000780000000, 0x0000000784300000, 0x00000007d5580000)
  object space 68608K, 13% used [0x0000000780000000,0x00000007808ca938,0x0000000784300000)
 Metaspace       used 18171K, committed 18944K, reserved 1114112K
  class space    used 1920K, committed 2240K, reserved 1048576K
}
Event: 23.594 GC heap after
{Heap after GC invocations=6 (full 0):
 PSYoungGen      total 30208K, used 5181K [0x00000007d5580000, 0x00000007d7980000, 0x0000000800000000)
  eden space 24576K, 0% used [0x00000007d5580000,0x00000007d5580000,0x00000007d6d80000)
  from space 5632K, 92% used [0x00000007d7400000,0x00000007d790f740,0x00000007d7980000)
  to   space 5632K, 0% used [0x00000007d6e80000,0x00000007d6e80000,0x00000007d7400000)
 ParOldGen       total 68608K, used 9010K [0x0000000780000000, 0x0000000784300000, 0x00000007d5580000)
  object space 68608K, 13% used [0x0000000780000000,0x00000007808cc938,0x0000000784300000)
 Metaspace       used 18171K, committed 18944K, reserved 1114112K
  class space    used 1920K, committed 2240K, reserved 1048576K
}
Event: 24.802 GC heap before
{Heap before GC invocations=7 (full 0):
 PSYoungGen      total 30208K, used 28732K [0x00000007d5580000, 0x00000007d7980000, 0x0000000800000000)
  eden space 24576K, 95% used [0x00000007d5580000,0x00000007d6c7fbd0,0x00000007d6d80000)
  from space 5632K, 92% used [0x00000007d7400000,0x00000007d790f740,0x00000007d7980000)
  to   space 5632K, 0% used [0x00000007d6e80000,0x00000007d6e80000,0x00000007d7400000)
 ParOldGen       total 68608K, used 9010K [0x0000000780000000, 0x0000000784300000, 0x00000007d5580000)
  object space 68608K, 13% used [0x0000000780000000,0x00000007808cc938,0x0000000784300000)
 Metaspace       used 20684K, committed 21504K, reserved 1114112K
  class space    used 2213K, committed 2560K, reserved 1048576K
}
Event: 24.820 GC heap after
{Heap after GC invocations=7 (full 0):
 PSYoungGen      total 29184K, used 4417K [0x00000007d5580000, 0x00000007d7780000, 0x0000000800000000)
  eden space 24576K, 0% used [0x00000007d5580000,0x00000007d5580000,0x00000007d6d80000)
  from space 4608K, 95% used [0x00000007d6e80000,0x00000007d72d0550,0x00000007d7300000)
  to   space 4608K, 0% used [0x00000007d7300000,0x00000007d7300000,0x00000007d7780000)
 ParOldGen       total 68608K, used 10459K [0x0000000780000000, 0x0000000784300000, 0x00000007d5580000)
  object space 68608K, 15% used [0x0000000780000000,0x0000000780a36f58,0x0000000784300000)
 Metaspace       used 20684K, committed 21504K, reserved 1114112K
  class space    used 2213K, committed 2560K, reserved 1048576K
}
Event: 24.821 GC heap before
{Heap before GC invocations=8 (full 1):
 PSYoungGen      total 29184K, used 4417K [0x00000007d5580000, 0x00000007d7780000, 0x0000000800000000)
  eden space 24576K, 0% used [0x00000007d5580000,0x00000007d5580000,0x00000007d6d80000)
  from space 4608K, 95% used [0x00000007d6e80000,0x00000007d72d0550,0x00000007d7300000)
  to   space 4608K, 0% used [0x00000007d7300000,0x00000007d7300000,0x00000007d7780000)
 ParOldGen       total 68608K, used 10459K [0x0000000780000000, 0x0000000784300000, 0x00000007d5580000)
  object space 68608K, 15% used [0x0000000780000000,0x0000000780a36f58,0x0000000784300000)
 Metaspace       used 20684K, committed 21504K, reserved 1114112K
  class space    used 2213K, committed 2560K, reserved 1048576K
}
Event: 24.905 GC heap after
{Heap after GC invocations=8 (full 1):
 PSYoungGen      total 29184K, used 0K [0x00000007d5580000, 0x00000007d7780000, 0x0000000800000000)
  eden space 24576K, 0% used [0x00000007d5580000,0x00000007d5580000,0x00000007d6d80000)
  from space 4608K, 0% used [0x00000007d6e80000,0x00000007d6e80000,0x00000007d7300000)
  to   space 4608K, 0% used [0x00000007d7300000,0x00000007d7300000,0x00000007d7780000)
 ParOldGen       total 68608K, used 14030K [0x0000000780000000, 0x0000000784300000, 0x00000007d5580000)
  object space 68608K, 20% used [0x0000000780000000,0x0000000780db3a78,0x0000000784300000)
 Metaspace       used 20671K, committed 21504K, reserved 1114112K
  class space    used 2209K, committed 2560K, reserved 1048576K
}
Event: 25.514 GC heap before
{Heap before GC invocations=9 (full 1):
 PSYoungGen      total 29184K, used 24562K [0x00000007d5580000, 0x00000007d7780000, 0x0000000800000000)
  eden space 24576K, 99% used [0x00000007d5580000,0x00000007d6d7c8a0,0x00000007d6d80000)
  from space 4608K, 0% used [0x00000007d6e80000,0x00000007d6e80000,0x00000007d7300000)
  to   space 4608K, 0% used [0x00000007d7300000,0x00000007d7300000,0x00000007d7780000)
 ParOldGen       total 68608K, used 14030K [0x0000000780000000, 0x0000000784300000, 0x00000007d5580000)
  object space 68608K, 20% used [0x0000000780000000,0x0000000780db3a78,0x0000000784300000)
 Metaspace       used 23345K, committed 24256K, reserved 1114112K
  class space    used 2378K, committed 2752K, reserved 1048576K
}
Event: 25.527 GC heap after
{Heap after GC invocations=9 (full 1):
 PSYoungGen      total 25088K, used 571K [0x00000007d5580000, 0x00000007d7400000, 0x0000000800000000)
  eden space 24064K, 0% used [0x00000007d5580000,0x00000007d5580000,0x00000007d6d00000)
  from space 1024K, 55% used [0x00000007d7300000,0x00000007d738ed78,0x00000007d7400000)
  to   space 2560K, 0% used [0x00000007d6f00000,0x00000007d6f00000,0x00000007d7180000)
 ParOldGen       total 68608K, used 14038K [0x0000000780000000, 0x0000000784300000, 0x00000007d5580000)
  object space 68608K, 20% used [0x0000000780000000,0x0000000780db5a78,0x0000000784300000)
 Metaspace       used 23345K, committed 24256K, reserved 1114112K
  class space    used 2378K, committed 2752K, reserved 1048576K
}
Event: 25.888 GC heap before
{Heap before GC invocations=10 (full 1):
 PSYoungGen      total 25088K, used 24635K [0x00000007d5580000, 0x00000007d7400000, 0x0000000800000000)
  eden space 24064K, 100% used [0x00000007d5580000,0x00000007d6d00000,0x00000007d6d00000)
  from space 1024K, 55% used [0x00000007d7300000,0x00000007d738ed78,0x00000007d7400000)
  to   space 2560K, 0% used [0x00000007d6f00000,0x00000007d6f00000,0x00000007d7180000)
 ParOldGen       total 68608K, used 14038K [0x0000000780000000, 0x0000000784300000, 0x00000007d5580000)
  object space 68608K, 20% used [0x0000000780000000,0x0000000780db5a78,0x0000000784300000)
 Metaspace       used 26329K, committed 27200K, reserved 1114112K
  class space    used 2701K, committed 3072K, reserved 1048576K
}
Event: 25.890 GC heap after
{Heap after GC invocations=10 (full 1):
 PSYoungGen      total 25600K, used 2044K [0x00000007d5580000, 0x00000007d7380000, 0x0000000800000000)
  eden space 23552K, 0% used [0x00000007d5580000,0x00000007d5580000,0x00000007d6c80000)
  from space 2048K, 99% used [0x00000007d6f00000,0x00000007d70ff198,0x00000007d7100000)
  to   space 2560K, 0% used [0x00000007d7100000,0x00000007d7100000,0x00000007d7380000)
 ParOldGen       total 68608K, used 14046K [0x0000000780000000, 0x0000000784300000, 0x00000007d5580000)
  object space 68608K, 20% used [0x0000000780000000,0x0000000780db7a78,0x0000000784300000)
 Metaspace       used 26329K, committed 27200K, reserved 1114112K
  class space    used 2701K, committed 3072K, reserved 1048576K
}
Event: 26.199 GC heap before
{Heap before GC invocations=11 (full 1):
 PSYoungGen      total 25600K, used 25596K [0x00000007d5580000, 0x00000007d7380000, 0x0000000800000000)
  eden space 23552K, 100% used [0x00000007d5580000,0x00000007d6c80000,0x00000007d6c80000)
  from space 2048K, 99% used [0x00000007d6f00000,0x00000007d70ff198,0x00000007d7100000)
  to   space 2560K, 0% used [0x00000007d7100000,0x00000007d7100000,0x00000007d7380000)
 ParOldGen       total 68608K, used 14046K [0x0000000780000000, 0x0000000784300000, 0x00000007d5580000)
  object space 68608K, 20% used [0x0000000780000000,0x0000000780db7a78,0x0000000784300000)
 Metaspace       used 28390K, committed 29248K, reserved 1114112K
  class space    used 2905K, committed 3264K, reserved 1048576K
}
Event: 26.214 GC heap after
{Heap after GC invocations=11 (full 1):
 PSYoungGen      total 25600K, used 2440K [0x00000007d5580000, 0x00000007d7380000, 0x0000000800000000)
  eden space 23040K, 0% used [0x00000007d5580000,0x00000007d5580000,0x00000007d6c00000)
  from space 2560K, 95% used [0x00000007d7100000,0x00000007d73622b0,0x00000007d7380000)
  to   space 3072K, 0% used [0x00000007d6d80000,0x00000007d6d80000,0x00000007d7080000)
 ParOldGen       total 68608K, used 14447K [0x0000000780000000, 0x0000000784300000, 0x00000007d5580000)
  object space 68608K, 21% used [0x0000000780000000,0x0000000780e1bd28,0x0000000784300000)
 Metaspace       used 28390K, committed 29248K, reserved 1114112K
  class space    used 2905K, committed 3264K, reserved 1048576K
}

